[1.652s] DEBUG:colcon:Command line arguments: ['/usr/bin/colcon', 'build']
[1.652s] DEBUG:colcon:Parsed command line arguments: Namespace(log_base=None, log_level=None, verb_name='build', build_base='build', install_base='install', merge_install=False, symlink_install=False, test_result_base=None, continue_on_error=False, executor='parallel', parallel_workers=4, event_handlers=None, ignore_user_meta=False, metas=['./colcon.meta'], base_paths=['.'], packages_ignore=None, packages_ignore_regex=None, paths=None, packages_up_to=None, packages_up_to_regex=None, packages_above=None, packages_above_and_dependencies=None, packages_above_depth=None, packages_select_by_dep=None, packages_skip_by_dep=None, packages_skip_up_to=None, packages_select_build_failed=False, packages_skip_build_finished=False, packages_select_test_failures=False, packages_skip_test_passed=False, packages_select=None, packages_skip=None, packages_select_regex=None, packages_skip_regex=None, packages_start=None, packages_end=None, allow_overriding=[], cmake_args=None, cmake_target=None, cmake_target_skip_unavailable=False, cmake_clean_cache=False, cmake_clean_first=False, cmake_force_configure=False, ament_cmake_args=None, catkin_cmake_args=None, catkin_skip_building_tests=False, mixin_files=None, mixin=None, verb_parser=<colcon_mixin.mixin.mixin_argument.MixinArgumentDecorator object at 0xffffa3660620>, verb_extension=<colcon_core.verb.build.BuildVerb object at 0xffffa37cc5f0>, main=<bound method BuildVerb.main of <colcon_core.verb.build.BuildVerb object at 0xffffa37cc5f0>>, mixin_verb=('build',))
[2.015s] Level 1:colcon.colcon_core.package_discovery:discover_packages(colcon_meta) check parameters
[2.016s] Level 1:colcon.colcon_core.package_discovery:discover_packages(recursive) check parameters
[2.016s] Level 1:colcon.colcon_core.package_discovery:discover_packages(ignore) check parameters
[2.016s] Level 1:colcon.colcon_core.package_discovery:discover_packages(path) check parameters
[2.016s] Level 1:colcon.colcon_core.package_discovery:discover_packages(colcon_meta) discover
[2.017s] Level 1:colcon.colcon_core.package_discovery:discover_packages(recursive) discover
[2.017s] INFO:colcon.colcon_core.package_discovery:Crawling recursively for packages in '/home/clare/Documents/ros_workplace'
[2.017s] Level 1:colcon.colcon_core.package_identification:_identify(.) by extensions ['ignore', 'ignore_ament_install']
[2.018s] Level 1:colcon.colcon_core.package_identification:_identify(.) by extension 'ignore'
[2.018s] Level 1:colcon.colcon_core.package_identification:_identify(.) by extension 'ignore_ament_install'
[2.019s] Level 1:colcon.colcon_core.package_identification:_identify(.) by extensions ['colcon_pkg']
[2.019s] Level 1:colcon.colcon_core.package_identification:_identify(.) by extension 'colcon_pkg'
[2.019s] Level 1:colcon.colcon_core.package_identification:_identify(.) by extensions ['colcon_meta']
[2.019s] Level 1:colcon.colcon_core.package_identification:_identify(.) by extension 'colcon_meta'
[2.019s] Level 1:colcon.colcon_core.package_identification:_identify(.) by extensions ['ros']
[2.019s] Level 1:colcon.colcon_core.package_identification:_identify(.) by extension 'ros'
[2.200s] Level 1:colcon.colcon_core.package_identification:_identify(.) by extensions ['cmake', 'python']
[2.200s] Level 1:colcon.colcon_core.package_identification:_identify(.) by extension 'cmake'
[2.201s] Level 1:colcon.colcon_core.package_identification:_identify(.) by extension 'python'
[2.201s] Level 1:colcon.colcon_core.package_identification:_identify(.) by extensions ['python_setup_py']
[2.201s] Level 1:colcon.colcon_core.package_identification:_identify(.) by extension 'python_setup_py'
[2.201s] Level 1:colcon.colcon_core.package_identification:_identify(build) by extensions ['ignore', 'ignore_ament_install']
[2.202s] Level 1:colcon.colcon_core.package_identification:_identify(build) by extension 'ignore'
[2.202s] Level 1:colcon.colcon_core.package_identification:_identify(build) ignored
[2.203s] Level 1:colcon.colcon_core.package_identification:_identify(install) by extensions ['ignore', 'ignore_ament_install']
[2.203s] Level 1:colcon.colcon_core.package_identification:_identify(install) by extension 'ignore'
[2.203s] Level 1:colcon.colcon_core.package_identification:_identify(install) ignored
[2.204s] Level 1:colcon.colcon_core.package_identification:_identify(log) by extensions ['ignore', 'ignore_ament_install']
[2.204s] Level 1:colcon.colcon_core.package_identification:_identify(log) by extension 'ignore'
[2.204s] Level 1:colcon.colcon_core.package_identification:_identify(log) ignored
[2.204s] Level 1:colcon.colcon_core.package_identification:_identify(src) by extensions ['ignore', 'ignore_ament_install']
[2.205s] Level 1:colcon.colcon_core.package_identification:_identify(src) by extension 'ignore'
[2.205s] Level 1:colcon.colcon_core.package_identification:_identify(src) by extension 'ignore_ament_install'
[2.205s] Level 1:colcon.colcon_core.package_identification:_identify(src) by extensions ['colcon_pkg']
[2.205s] Level 1:colcon.colcon_core.package_identification:_identify(src) by extension 'colcon_pkg'
[2.205s] Level 1:colcon.colcon_core.package_identification:_identify(src) by extensions ['colcon_meta']
[2.205s] Level 1:colcon.colcon_core.package_identification:_identify(src) by extension 'colcon_meta'
[2.206s] Level 1:colcon.colcon_core.package_identification:_identify(src) by extensions ['ros']
[2.206s] Level 1:colcon.colcon_core.package_identification:_identify(src) by extension 'ros'
[2.206s] Level 1:colcon.colcon_core.package_identification:_identify(src) by extensions ['cmake', 'python']
[2.206s] Level 1:colcon.colcon_core.package_identification:_identify(src) by extension 'cmake'
[2.206s] Level 1:colcon.colcon_core.package_identification:_identify(src) by extension 'python'
[2.206s] Level 1:colcon.colcon_core.package_identification:_identify(src) by extensions ['python_setup_py']
[2.207s] Level 1:colcon.colcon_core.package_identification:_identify(src) by extension 'python_setup_py'
[2.207s] Level 1:colcon.colcon_core.package_identification:_identify(src/ti_es_distance_sensor_package) by extensions ['ignore', 'ignore_ament_install']
[2.207s] Level 1:colcon.colcon_core.package_identification:_identify(src/ti_es_distance_sensor_package) by extension 'ignore'
[2.208s] Level 1:colcon.colcon_core.package_identification:_identify(src/ti_es_distance_sensor_package) by extension 'ignore_ament_install'
[2.208s] Level 1:colcon.colcon_core.package_identification:_identify(src/ti_es_distance_sensor_package) by extensions ['colcon_pkg']
[2.208s] Level 1:colcon.colcon_core.package_identification:_identify(src/ti_es_distance_sensor_package) by extension 'colcon_pkg'
[2.208s] Level 1:colcon.colcon_core.package_identification:_identify(src/ti_es_distance_sensor_package) by extensions ['colcon_meta']
[2.208s] Level 1:colcon.colcon_core.package_identification:_identify(src/ti_es_distance_sensor_package) by extension 'colcon_meta'
[2.208s] Level 1:colcon.colcon_core.package_identification:_identify(src/ti_es_distance_sensor_package) by extensions ['ros']
[2.209s] Level 1:colcon.colcon_core.package_identification:_identify(src/ti_es_distance_sensor_package) by extension 'ros'
[2.226s] DEBUG:colcon.colcon_core.package_identification:Package 'src/ti_es_distance_sensor_package' with type 'ros.ament_python' and name 'ti_es_distance_sensor_package'
[2.226s] Level 1:colcon.colcon_core.package_discovery:discover_packages(recursive) using defaults
[2.227s] Level 1:colcon.colcon_core.package_discovery:discover_packages(ignore) discover
[2.227s] Level 1:colcon.colcon_core.package_discovery:discover_packages(ignore) using defaults
[2.227s] Level 1:colcon.colcon_core.package_discovery:discover_packages(path) discover
[2.227s] Level 1:colcon.colcon_core.package_discovery:discover_packages(path) using defaults
[2.361s] Level 1:colcon.colcon_core.package_discovery:discover_packages(prefix_path) check parameters
[2.361s] Level 1:colcon.colcon_core.package_discovery:discover_packages(prefix_path) discover
[2.380s] DEBUG:colcon.colcon_installed_package_information.package_discovery:Found 1 installed packages in /home/clare/Documents/ros_workplace/install
[2.392s] DEBUG:colcon.colcon_installed_package_information.package_discovery:Found 285 installed packages in /opt/ros/jazzy
[2.396s] Level 1:colcon.colcon_core.package_discovery:discover_packages(prefix_path) using defaults
[2.614s] Level 5:colcon.colcon_core.verb:set package 'ti_es_distance_sensor_package' build argument 'cmake_args' from command line to 'None'
[2.614s] Level 5:colcon.colcon_core.verb:set package 'ti_es_distance_sensor_package' build argument 'cmake_target' from command line to 'None'
[2.614s] Level 5:colcon.colcon_core.verb:set package 'ti_es_distance_sensor_package' build argument 'cmake_target_skip_unavailable' from command line to 'False'
[2.615s] Level 5:colcon.colcon_core.verb:set package 'ti_es_distance_sensor_package' build argument 'cmake_clean_cache' from command line to 'False'
[2.615s] Level 5:colcon.colcon_core.verb:set package 'ti_es_distance_sensor_package' build argument 'cmake_clean_first' from command line to 'False'
[2.615s] Level 5:colcon.colcon_core.verb:set package 'ti_es_distance_sensor_package' build argument 'cmake_force_configure' from command line to 'False'
[2.615s] Level 5:colcon.colcon_core.verb:set package 'ti_es_distance_sensor_package' build argument 'ament_cmake_args' from command line to 'None'
[2.615s] Level 5:colcon.colcon_core.verb:set package 'ti_es_distance_sensor_package' build argument 'catkin_cmake_args' from command line to 'None'
[2.615s] Level 5:colcon.colcon_core.verb:set package 'ti_es_distance_sensor_package' build argument 'catkin_skip_building_tests' from command line to 'False'
[2.615s] DEBUG:colcon.colcon_core.verb:Building package 'ti_es_distance_sensor_package' with the following arguments: {'ament_cmake_args': None, 'build_base': '/home/clare/Documents/ros_workplace/build/ti_es_distance_sensor_package', 'catkin_cmake_args': None, 'catkin_skip_building_tests': False, 'cmake_args': None, 'cmake_clean_cache': False, 'cmake_clean_first': False, 'cmake_force_configure': False, 'cmake_target': None, 'cmake_target_skip_unavailable': False, 'install_base': '/home/clare/Documents/ros_workplace/install/ti_es_distance_sensor_package', 'merge_install': False, 'path': '/home/clare/Documents/ros_workplace/src/ti_es_distance_sensor_package', 'symlink_install': False, 'test_result_base': None}
[2.616s] INFO:colcon.colcon_core.executor:Executing jobs using 'parallel' executor
[2.619s] DEBUG:colcon.colcon_parallel_executor.executor.parallel:run_until_complete
[2.620s] INFO:colcon.colcon_ros.task.ament_python.build:Building ROS package in '/home/clare/Documents/ros_workplace/src/ti_es_distance_sensor_package' with build type 'ament_python'
[2.620s] Level 1:colcon.colcon_core.shell:create_environment_hook('ti_es_distance_sensor_package', 'ament_prefix_path')
[2.661s] INFO:colcon.colcon_core.plugin_system:Skipping extension 'colcon_core.shell.bat': Not used on non-Windows systems
[2.662s] INFO:colcon.colcon_core.shell:Creating environment hook '/home/clare/Documents/ros_workplace/install/ti_es_distance_sensor_package/share/ti_es_distance_sensor_package/hook/ament_prefix_path.ps1'
[2.668s] INFO:colcon.colcon_core.shell:Creating environment descriptor '/home/clare/Documents/ros_workplace/install/ti_es_distance_sensor_package/share/ti_es_distance_sensor_package/hook/ament_prefix_path.dsv'
[2.674s] INFO:colcon.colcon_core.shell:Creating environment hook '/home/clare/Documents/ros_workplace/install/ti_es_distance_sensor_package/share/ti_es_distance_sensor_package/hook/ament_prefix_path.sh'
[2.678s] INFO:colcon.colcon_core.shell:Skip shell extension 'powershell' for command environment: Not usable outside of PowerShell
[2.679s] DEBUG:colcon.colcon_core.shell:Skip shell extension 'dsv' for command environment
[3.816s] INFO:colcon.colcon_core.task.python.build:Building Python package in '/home/clare/Documents/ros_workplace/src/ti_es_distance_sensor_package'
[3.817s] INFO:colcon.colcon_core.shell:Skip shell extension 'powershell' for command environment: Not usable outside of PowerShell
[3.817s] DEBUG:colcon.colcon_core.shell:Skip shell extension 'dsv' for command environment
[8.242s] DEBUG:colcon.colcon_core.event_handler.log_command:Invoking command in '/home/clare/Documents/ros_workplace/src/ti_es_distance_sensor_package': DEBUGINFOD_URLS=https://debuginfod.ubuntu.com PYTHONPATH=/home/clare/Documents/ros_workplace/build/ti_es_distance_sensor_package/prefix_override:/usr/lib/python3/dist-packages/colcon_core/task/python/colcon_distutils_commands:/home/clare/Documents/ros_workplace/install/ti_es_distance_sensor_package/lib/python3.12/site-packages:${PYTHONPATH} /usr/bin/python3 -W ignore:setup.py install is deprecated -W ignore:easy_install command is deprecated setup.py egg_info --egg-base ../../build/ti_es_distance_sensor_package build --build-base /home/clare/Documents/ros_workplace/build/ti_es_distance_sensor_package/build install --record /home/clare/Documents/ros_workplace/build/ti_es_distance_sensor_package/install.log --single-version-externally-managed install_data
[11.150s] DEBUG:colcon.colcon_core.event_handler.log_command:Invoked command in '/home/clare/Documents/ros_workplace/src/ti_es_distance_sensor_package' returned '0': DEBUGINFOD_URLS=https://debuginfod.ubuntu.com PYTHONPATH=/home/clare/Documents/ros_workplace/build/ti_es_distance_sensor_package/prefix_override:/usr/lib/python3/dist-packages/colcon_core/task/python/colcon_distutils_commands:/home/clare/Documents/ros_workplace/install/ti_es_distance_sensor_package/lib/python3.12/site-packages:${PYTHONPATH} /usr/bin/python3 -W ignore:setup.py install is deprecated -W ignore:easy_install command is deprecated setup.py egg_info --egg-base ../../build/ti_es_distance_sensor_package build --build-base /home/clare/Documents/ros_workplace/build/ti_es_distance_sensor_package/build install --record /home/clare/Documents/ros_workplace/build/ti_es_distance_sensor_package/install.log --single-version-externally-managed install_data
[11.196s] Level 1:colcon.colcon_core.environment:checking '/home/clare/Documents/ros_workplace/install/ti_es_distance_sensor_package' for CMake module files
[11.201s] Level 1:colcon.colcon_core.environment:checking '/home/clare/Documents/ros_workplace/install/ti_es_distance_sensor_package' for CMake config files
[11.207s] Level 1:colcon.colcon_core.environment:checking '/home/clare/Documents/ros_workplace/install/ti_es_distance_sensor_package/lib'
[11.209s] Level 1:colcon.colcon_core.environment:checking '/home/clare/Documents/ros_workplace/install/ti_es_distance_sensor_package/bin'
[11.209s] Level 1:colcon.colcon_core.environment:checking '/home/clare/Documents/ros_workplace/install/ti_es_distance_sensor_package/lib/pkgconfig/ti_es_distance_sensor_package.pc'
[11.210s] Level 1:colcon.colcon_core.environment:checking '/home/clare/Documents/ros_workplace/install/ti_es_distance_sensor_package/lib/python3.12/site-packages'
[11.211s] Level 1:colcon.colcon_core.shell:create_environment_hook('ti_es_distance_sensor_package', 'pythonpath')
[11.212s] INFO:colcon.colcon_core.shell:Creating environment hook '/home/clare/Documents/ros_workplace/install/ti_es_distance_sensor_package/share/ti_es_distance_sensor_package/hook/pythonpath.ps1'
[11.214s] INFO:colcon.colcon_core.shell:Creating environment descriptor '/home/clare/Documents/ros_workplace/install/ti_es_distance_sensor_package/share/ti_es_distance_sensor_package/hook/pythonpath.dsv'
[11.221s] INFO:colcon.colcon_core.shell:Creating environment hook '/home/clare/Documents/ros_workplace/install/ti_es_distance_sensor_package/share/ti_es_distance_sensor_package/hook/pythonpath.sh'
[11.234s] Level 1:colcon.colcon_core.environment:checking '/home/clare/Documents/ros_workplace/install/ti_es_distance_sensor_package/bin'
[11.235s] Level 1:colcon.colcon_core.environment:create_environment_scripts_only(ti_es_distance_sensor_package)
[11.237s] INFO:colcon.colcon_core.shell:Creating package script '/home/clare/Documents/ros_workplace/install/ti_es_distance_sensor_package/share/ti_es_distance_sensor_package/package.ps1'
[11.245s] INFO:colcon.colcon_core.shell:Creating package descriptor '/home/clare/Documents/ros_workplace/install/ti_es_distance_sensor_package/share/ti_es_distance_sensor_package/package.dsv'
[11.249s] INFO:colcon.colcon_core.shell:Creating package script '/home/clare/Documents/ros_workplace/install/ti_es_distance_sensor_package/share/ti_es_distance_sensor_package/package.sh'
[11.254s] INFO:colcon.colcon_core.shell:Creating package script '/home/clare/Documents/ros_workplace/install/ti_es_distance_sensor_package/share/ti_es_distance_sensor_package/package.bash'
[11.260s] INFO:colcon.colcon_core.shell:Creating package script '/home/clare/Documents/ros_workplace/install/ti_es_distance_sensor_package/share/ti_es_distance_sensor_package/package.zsh'
[11.265s] Level 1:colcon.colcon_core.environment:create_file_with_runtime_dependencies(/home/clare/Documents/ros_workplace/install/ti_es_distance_sensor_package/share/colcon-core/packages/ti_es_distance_sensor_package)
[11.267s] DEBUG:colcon.colcon_parallel_executor.executor.parallel:closing loop
[11.269s] DEBUG:colcon.colcon_parallel_executor.executor.parallel:loop closed
[11.269s] DEBUG:colcon.colcon_parallel_executor.executor.parallel:run_until_complete finished with '0'
[11.270s] DEBUG:colcon.colcon_core.event_reactor:joining thread
[11.321s] INFO:colcon.colcon_core.plugin_system:Skipping extension 'colcon_notification.desktop_notification.terminal_notifier': Not used on non-Darwin systems
[11.321s] INFO:colcon.colcon_core.plugin_system:Skipping extension 'colcon_notification.desktop_notification.win32': Not used on non-Windows systems
[11.321s] INFO:colcon.colcon_notification.desktop_notification:Sending desktop notification using 'notify2'
[11.406s] DEBUG:colcon.colcon_core.event_reactor:joined thread
[11.407s] INFO:colcon.colcon_core.shell:Creating prefix script '/home/clare/Documents/ros_workplace/install/local_setup.ps1'
[11.417s] INFO:colcon.colcon_core.shell:Creating prefix util module '/home/clare/Documents/ros_workplace/install/_local_setup_util_ps1.py'
[11.428s] INFO:colcon.colcon_core.shell:Creating prefix chain script '/home/clare/Documents/ros_workplace/install/setup.ps1'
[11.435s] INFO:colcon.colcon_core.shell:Creating prefix script '/home/clare/Documents/ros_workplace/install/local_setup.sh'
[11.439s] INFO:colcon.colcon_core.shell:Creating prefix util module '/home/clare/Documents/ros_workplace/install/_local_setup_util_sh.py'
[11.443s] INFO:colcon.colcon_core.shell:Creating prefix chain script '/home/clare/Documents/ros_workplace/install/setup.sh'
[11.449s] INFO:colcon.colcon_core.shell:Creating prefix script '/home/clare/Documents/ros_workplace/install/local_setup.bash'
[11.453s] INFO:colcon.colcon_core.shell:Creating prefix chain script '/home/clare/Documents/ros_workplace/install/setup.bash'
[11.462s] INFO:colcon.colcon_core.shell:Creating prefix script '/home/clare/Documents/ros_workplace/install/local_setup.zsh'
[11.465s] INFO:colcon.colcon_core.shell:Creating prefix chain script '/home/clare/Documents/ros_workplace/install/setup.zsh'
