[4.715s] Invoking command in '/home/clare/Documents/ros_workplace/src/ti_es_distance_sensor_package': DEBUGINFOD_URLS=https://debuginfod.ubuntu.com PYTHONPATH=/home/clare/Documents/ros_workplace/build/ti_es_distance_sensor_package/prefix_override:/usr/lib/python3/dist-packages/colcon_core/task/python/colcon_distutils_commands:/home/clare/Documents/ros_workplace/install/ti_es_distance_sensor_package/lib/python3.12/site-packages:${PYTHONPATH} /usr/bin/python3 -W ignore:setup.py install is deprecated -W ignore:easy_install command is deprecated setup.py egg_info --egg-base ../../build/ti_es_distance_sensor_package build --build-base /home/clare/Documents/ros_workplace/build/ti_es_distance_sensor_package/build install --record /home/clare/Documents/ros_workplace/build/ti_es_distance_sensor_package/install.log --single-version-externally-managed install_data
[6.285s] running egg_info
[6.398s] writing ../../build/ti_es_distance_sensor_package/ti_es_distance_sensor_package.egg-info/PKG-INFO
[6.400s] writing dependency_links to ../../build/ti_es_distance_sensor_package/ti_es_distance_sensor_package.egg-info/dependency_links.txt
[6.401s] writing entry points to ../../build/ti_es_distance_sensor_package/ti_es_distance_sensor_package.egg-info/entry_points.txt
[6.402s] writing requirements to ../../build/ti_es_distance_sensor_package/ti_es_distance_sensor_package.egg-info/requires.txt
[6.403s] writing top-level names to ../../build/ti_es_distance_sensor_package/ti_es_distance_sensor_package.egg-info/top_level.txt
[6.636s] reading manifest file '../../build/ti_es_distance_sensor_package/ti_es_distance_sensor_package.egg-info/SOURCES.txt'
[6.639s] writing manifest file '../../build/ti_es_distance_sensor_package/ti_es_distance_sensor_package.egg-info/SOURCES.txt'
[6.640s] running build
[6.641s] running build_py
[6.641s] copying ti_es_distance_sensor_package/ti_es_distance_sensor_node.py -> /home/clare/Documents/ros_workplace/build/ti_es_distance_sensor_package/build/lib/ti_es_distance_sensor_package
[6.643s] running install
[6.668s] running install_lib
[6.774s] copying /home/clare/Documents/ros_workplace/build/ti_es_distance_sensor_package/build/lib/ti_es_distance_sensor_package/ti_es_distance_sensor_node.py -> /home/clare/Documents/ros_workplace/install/ti_es_distance_sensor_package/lib/python3.12/site-packages/ti_es_distance_sensor_package
[6.778s] byte-compiling /home/clare/Documents/ros_workplace/install/ti_es_distance_sensor_package/lib/python3.12/site-packages/ti_es_distance_sensor_package/ti_es_distance_sensor_node.py to ti_es_distance_sensor_node.cpython-312.pyc
[6.783s] running install_data
[6.784s] running install_egg_info
[6.899s] removing '/home/clare/Documents/ros_workplace/install/ti_es_distance_sensor_package/lib/python3.12/site-packages/ti_es_distance_sensor_package-0.0.0-py3.12.egg-info' (and everything under it)
[6.905s] Copying ../../build/ti_es_distance_sensor_package/ti_es_distance_sensor_package.egg-info to /home/clare/Documents/ros_workplace/install/ti_es_distance_sensor_package/lib/python3.12/site-packages/ti_es_distance_sensor_package-0.0.0-py3.12.egg-info
[6.913s] running install_scripts
[7.703s] Installing ti_es_distance_sensor_node script to /home/clare/Documents/ros_workplace/install/ti_es_distance_sensor_package/lib/ti_es_distance_sensor_package
[7.705s] writing list of installed files to '/home/clare/Documents/ros_workplace/build/ti_es_distance_sensor_package/install.log'
[7.888s] Invoked command in '/home/clare/Documents/ros_workplace/src/ti_es_distance_sensor_package' returned '0': DEBUGINFOD_URLS=https://debuginfod.ubuntu.com PYTHONPATH=/home/clare/Documents/ros_workplace/build/ti_es_distance_sensor_package/prefix_override:/usr/lib/python3/dist-packages/colcon_core/task/python/colcon_distutils_commands:/home/clare/Documents/ros_workplace/install/ti_es_distance_sensor_package/lib/python3.12/site-packages:${PYTHONPATH} /usr/bin/python3 -W ignore:setup.py install is deprecated -W ignore:easy_install command is deprecated setup.py egg_info --egg-base ../../build/ti_es_distance_sensor_package build --build-base /home/clare/Documents/ros_workplace/build/ti_es_distance_sensor_package/build install --record /home/clare/Documents/ros_workplace/build/ti_es_distance_sensor_package/install.log --single-version-externally-managed install_data
