[4.773s] Invoking command in '/home/clare/Documents/ros_workplace/src/ti_es_distance_sensor_package': DEBUGINFOD_URLS=https://debuginfod.ubuntu.com PYTHONPATH=/home/clare/Documents/ros_workplace/build/ti_es_distance_sensor_package/prefix_override:/usr/lib/python3/dist-packages/colcon_core/task/python/colcon_distutils_commands:/home/clare/Documents/ros_workplace/install/ti_es_distance_sensor_package/lib/python3.12/site-packages:${PYTHONPATH} /usr/bin/python3 -W ignore:setup.py install is deprecated -W ignore:easy_install command is deprecated setup.py egg_info --egg-base ../../build/ti_es_distance_sensor_package build --build-base /home/clare/Documents/ros_workplace/build/ti_es_distance_sensor_package/build install --record /home/clare/Documents/ros_workplace/build/ti_es_distance_sensor_package/install.log --single-version-externally-managed install_data
[6.173s] running egg_info
[6.276s] writing ../../build/ti_es_distance_sensor_package/ti_es_distance_sensor_package.egg-info/PKG-INFO
[6.279s] writing dependency_links to ../../build/ti_es_distance_sensor_package/ti_es_distance_sensor_package.egg-info/dependency_links.txt
[6.280s] writing entry points to ../../build/ti_es_distance_sensor_package/ti_es_distance_sensor_package.egg-info/entry_points.txt
[6.281s] writing requirements to ../../build/ti_es_distance_sensor_package/ti_es_distance_sensor_package.egg-info/requires.txt
[6.281s] writing top-level names to ../../build/ti_es_distance_sensor_package/ti_es_distance_sensor_package.egg-info/top_level.txt
[6.499s] reading manifest file '../../build/ti_es_distance_sensor_package/ti_es_distance_sensor_package.egg-info/SOURCES.txt'
[6.503s] writing manifest file '../../build/ti_es_distance_sensor_package/ti_es_distance_sensor_package.egg-info/SOURCES.txt'
[6.503s] running build
[6.504s] running build_py
[6.505s] copying ti_es_distance_sensor_package/ti_es_distance_sensor_node.py -> /home/clare/Documents/ros_workplace/build/ti_es_distance_sensor_package/build/lib/ti_es_distance_sensor_package
[6.507s] running install
[6.530s] running install_lib
[6.632s] copying /home/clare/Documents/ros_workplace/build/ti_es_distance_sensor_package/build/lib/ti_es_distance_sensor_package/ti_es_distance_sensor_node.py -> /home/clare/Documents/ros_workplace/install/ti_es_distance_sensor_package/lib/python3.12/site-packages/ti_es_distance_sensor_package
[6.636s] byte-compiling /home/clare/Documents/ros_workplace/install/ti_es_distance_sensor_package/lib/python3.12/site-packages/ti_es_distance_sensor_package/ti_es_distance_sensor_node.py to ti_es_distance_sensor_node.cpython-312.pyc
[6.640s] running install_data
[6.640s] running install_egg_info
[6.753s] removing '/home/clare/Documents/ros_workplace/install/ti_es_distance_sensor_package/lib/python3.12/site-packages/ti_es_distance_sensor_package-0.0.0-py3.12.egg-info' (and everything under it)
[6.756s] Copying ../../build/ti_es_distance_sensor_package/ti_es_distance_sensor_package.egg-info to /home/clare/Documents/ros_workplace/install/ti_es_distance_sensor_package/lib/python3.12/site-packages/ti_es_distance_sensor_package-0.0.0-py3.12.egg-info
[6.764s] running install_scripts
[7.565s] Installing ti_es_distance_sensor_node script to /home/clare/Documents/ros_workplace/install/ti_es_distance_sensor_package/lib/ti_es_distance_sensor_package
[7.570s] writing list of installed files to '/home/clare/Documents/ros_workplace/build/ti_es_distance_sensor_package/install.log'
[7.747s] Invoked command in '/home/clare/Documents/ros_workplace/src/ti_es_distance_sensor_package' returned '0': DEBUGINFOD_URLS=https://debuginfod.ubuntu.com PYTHONPATH=/home/clare/Documents/ros_workplace/build/ti_es_distance_sensor_package/prefix_override:/usr/lib/python3/dist-packages/colcon_core/task/python/colcon_distutils_commands:/home/clare/Documents/ros_workplace/install/ti_es_distance_sensor_package/lib/python3.12/site-packages:${PYTHONPATH} /usr/bin/python3 -W ignore:setup.py install is deprecated -W ignore:easy_install command is deprecated setup.py egg_info --egg-base ../../build/ti_es_distance_sensor_package build --build-base /home/clare/Documents/ros_workplace/build/ti_es_distance_sensor_package/build install --record /home/clare/Documents/ros_workplace/build/ti_es_distance_sensor_package/install.log --single-version-externally-managed install_data
