[6.124s] Invoking command in '/home/clare/Documents/ros_workplace/src/ti_es_distance_sensor_package': DEBUGINFOD_URLS=https://debuginfod.ubuntu.com PYTHONPATH=/home/clare/Documents/ros_workplace/build/ti_es_distance_sensor_package/prefix_override:/usr/lib/python3/dist-packages/colcon_core/task/python/colcon_distutils_commands:/home/clare/Documents/ros_workplace/install/ti_es_distance_sensor_package/lib/python3.12/site-packages:${PYTHONPATH} /usr/bin/python3 -W ignore:setup.py install is deprecated -W ignore:easy_install command is deprecated setup.py egg_info --egg-base ../../build/ti_es_distance_sensor_package build --build-base /home/clare/Documents/ros_workplace/build/ti_es_distance_sensor_package/build install --record /home/clare/Documents/ros_workplace/build/ti_es_distance_sensor_package/install.log --single-version-externally-managed install_data
[7.492s] running egg_info
[7.596s] writing ../../build/ti_es_distance_sensor_package/ti_es_distance_sensor_package.egg-info/PKG-INFO
[7.597s] writing dependency_links to ../../build/ti_es_distance_sensor_package/ti_es_distance_sensor_package.egg-info/dependency_links.txt
[7.598s] writing entry points to ../../build/ti_es_distance_sensor_package/ti_es_distance_sensor_package.egg-info/entry_points.txt
[7.599s] writing requirements to ../../build/ti_es_distance_sensor_package/ti_es_distance_sensor_package.egg-info/requires.txt
[7.599s] writing top-level names to ../../build/ti_es_distance_sensor_package/ti_es_distance_sensor_package.egg-info/top_level.txt
[7.806s] reading manifest file '../../build/ti_es_distance_sensor_package/ti_es_distance_sensor_package.egg-info/SOURCES.txt'
[7.810s] writing manifest file '../../build/ti_es_distance_sensor_package/ti_es_distance_sensor_package.egg-info/SOURCES.txt'
[7.812s] running build
[7.812s] running build_py
[7.813s] copying ti_es_distance_sensor_package/ti_es_distance_sensor_node.py -> /home/clare/Documents/ros_workplace/build/ti_es_distance_sensor_package/build/lib/ti_es_distance_sensor_package
[7.814s] running install
[7.840s] running install_lib
[7.941s] copying /home/clare/Documents/ros_workplace/build/ti_es_distance_sensor_package/build/lib/ti_es_distance_sensor_package/ti_es_distance_sensor_node.py -> /home/clare/Documents/ros_workplace/install/ti_es_distance_sensor_package/lib/python3.12/site-packages/ti_es_distance_sensor_package
[7.949s] byte-compiling /home/clare/Documents/ros_workplace/install/ti_es_distance_sensor_package/lib/python3.12/site-packages/ti_es_distance_sensor_package/ti_es_distance_sensor_node.py to ti_es_distance_sensor_node.cpython-312.pyc
[7.955s] running install_data
[7.956s] running install_egg_info
[8.064s] removing '/home/clare/Documents/ros_workplace/install/ti_es_distance_sensor_package/lib/python3.12/site-packages/ti_es_distance_sensor_package-0.0.0-py3.12.egg-info' (and everything under it)
[8.066s] Copying ../../build/ti_es_distance_sensor_package/ti_es_distance_sensor_package.egg-info to /home/clare/Documents/ros_workplace/install/ti_es_distance_sensor_package/lib/python3.12/site-packages/ti_es_distance_sensor_package-0.0.0-py3.12.egg-info
[8.073s] running install_scripts
[8.826s] Installing ti_es_distance_sensor_node script to /home/clare/Documents/ros_workplace/install/ti_es_distance_sensor_package/lib/ti_es_distance_sensor_package
[8.828s] writing list of installed files to '/home/clare/Documents/ros_workplace/build/ti_es_distance_sensor_package/install.log'
[8.995s] Invoked command in '/home/clare/Documents/ros_workplace/src/ti_es_distance_sensor_package' returned '0': DEBUGINFOD_URLS=https://debuginfod.ubuntu.com PYTHONPATH=/home/clare/Documents/ros_workplace/build/ti_es_distance_sensor_package/prefix_override:/usr/lib/python3/dist-packages/colcon_core/task/python/colcon_distutils_commands:/home/clare/Documents/ros_workplace/install/ti_es_distance_sensor_package/lib/python3.12/site-packages:${PYTHONPATH} /usr/bin/python3 -W ignore:setup.py install is deprecated -W ignore:easy_install command is deprecated setup.py egg_info --egg-base ../../build/ti_es_distance_sensor_package build --build-base /home/clare/Documents/ros_workplace/build/ti_es_distance_sensor_package/build install --record /home/clare/Documents/ros_workplace/build/ti_es_distance_sensor_package/install.log --single-version-externally-managed install_data
