[6.741s] Invoking command in '/home/clare/Documents/ros_workplace/src/ti_es_distance_sensor_package': DEBUGINFOD_URLS=https://debuginfod.ubuntu.com PYTHONPATH=/home/clare/Documents/ros_workplace/build/ti_es_distance_sensor_package/prefix_override:/usr/lib/python3/dist-packages/colcon_core/task/python/colcon_distutils_commands:/home/clare/Documents/ros_workplace/install/ti_es_distance_sensor_package/lib/python3.12/site-packages:${PYTHONPATH} /usr/bin/python3 -W ignore:setup.py install is deprecated -W ignore:easy_install command is deprecated setup.py egg_info --egg-base ../../build/ti_es_distance_sensor_package build --build-base /home/clare/Documents/ros_workplace/build/ti_es_distance_sensor_package/build install --record /home/clare/Documents/ros_workplace/build/ti_es_distance_sensor_package/install.log --single-version-externally-managed install_data
[9.653s] running egg_info
[9.832s] writing ../../build/ti_es_distance_sensor_package/ti_es_distance_sensor_package.egg-info/PKG-INFO
[9.836s] writing dependency_links to ../../build/ti_es_distance_sensor_package/ti_es_distance_sensor_package.egg-info/dependency_links.txt
[9.845s] writing entry points to ../../build/ti_es_distance_sensor_package/ti_es_distance_sensor_package.egg-info/entry_points.txt
[9.846s] writing requirements to ../../build/ti_es_distance_sensor_package/ti_es_distance_sensor_package.egg-info/requires.txt
[9.846s] writing top-level names to ../../build/ti_es_distance_sensor_package/ti_es_distance_sensor_package.egg-info/top_level.txt
[10.381s] reading manifest file '../../build/ti_es_distance_sensor_package/ti_es_distance_sensor_package.egg-info/SOURCES.txt'
[10.386s] writing manifest file '../../build/ti_es_distance_sensor_package/ti_es_distance_sensor_package.egg-info/SOURCES.txt'
[10.390s] running build
[10.391s] running build_py
[10.394s] copying ti_es_distance_sensor_package/ti_es_distance_sensor_node.py -> /home/clare/Documents/ros_workplace/build/ti_es_distance_sensor_package/build/lib/ti_es_distance_sensor_package
[10.395s] running install
[10.432s] running install_lib
[10.590s] copying /home/clare/Documents/ros_workplace/build/ti_es_distance_sensor_package/build/lib/ti_es_distance_sensor_package/ti_es_distance_sensor_node.py -> /home/clare/Documents/ros_workplace/install/ti_es_distance_sensor_package/lib/python3.12/site-packages/ti_es_distance_sensor_package
[10.595s] byte-compiling /home/clare/Documents/ros_workplace/install/ti_es_distance_sensor_package/lib/python3.12/site-packages/ti_es_distance_sensor_package/ti_es_distance_sensor_node.py to ti_es_distance_sensor_node.cpython-312.pyc
[10.601s] running install_data
[10.602s] running install_egg_info
[10.732s] removing '/home/clare/Documents/ros_workplace/install/ti_es_distance_sensor_package/lib/python3.12/site-packages/ti_es_distance_sensor_package-0.0.0-py3.12.egg-info' (and everything under it)
[10.735s] Copying ../../build/ti_es_distance_sensor_package/ti_es_distance_sensor_package.egg-info to /home/clare/Documents/ros_workplace/install/ti_es_distance_sensor_package/lib/python3.12/site-packages/ti_es_distance_sensor_package-0.0.0-py3.12.egg-info
[10.744s] running install_scripts
[12.155s] Installing ti_es_distance_sensor_node script to /home/clare/Documents/ros_workplace/install/ti_es_distance_sensor_package/lib/ti_es_distance_sensor_package
[12.157s] writing list of installed files to '/home/clare/Documents/ros_workplace/build/ti_es_distance_sensor_package/install.log'
[12.457s] Invoked command in '/home/clare/Documents/ros_workplace/src/ti_es_distance_sensor_package' returned '0': DEBUGINFOD_URLS=https://debuginfod.ubuntu.com PYTHONPATH=/home/clare/Documents/ros_workplace/build/ti_es_distance_sensor_package/prefix_override:/usr/lib/python3/dist-packages/colcon_core/task/python/colcon_distutils_commands:/home/clare/Documents/ros_workplace/install/ti_es_distance_sensor_package/lib/python3.12/site-packages:${PYTHONPATH} /usr/bin/python3 -W ignore:setup.py install is deprecated -W ignore:easy_install command is deprecated setup.py egg_info --egg-base ../../build/ti_es_distance_sensor_package build --build-base /home/clare/Documents/ros_workplace/build/ti_es_distance_sensor_package/build install --record /home/clare/Documents/ros_workplace/build/ti_es_distance_sensor_package/install.log --single-version-externally-managed install_data
