[0.479s] DEBUG:colcon:Command line arguments: ['/usr/bin/colcon', 'build']
[0.479s] DEBUG:colcon:Parsed command line arguments: Namespace(log_base=None, log_level=None, verb_name='build', build_base='build', install_base='install', merge_install=False, symlink_install=False, test_result_base=None, continue_on_error=False, executor='parallel', parallel_workers=4, event_handlers=None, ignore_user_meta=False, metas=['./colcon.meta'], base_paths=['.'], packages_ignore=None, packages_ignore_regex=None, paths=None, packages_up_to=None, packages_up_to_regex=None, packages_above=None, packages_above_and_dependencies=None, packages_above_depth=None, packages_select_by_dep=None, packages_skip_by_dep=None, packages_skip_up_to=None, packages_select_build_failed=False, packages_skip_build_finished=False, packages_select_test_failures=False, packages_skip_test_passed=False, packages_select=None, packages_skip=None, packages_select_regex=None, packages_skip_regex=None, packages_start=None, packages_end=None, allow_overriding=[], cmake_args=None, cmake_target=None, cmake_target_skip_unavailable=False, cmake_clean_cache=False, cmake_clean_first=False, cmake_force_configure=False, ament_cmake_args=None, catkin_cmake_args=None, catkin_skip_building_tests=False, mixin_files=None, mixin=None, verb_parser=<colcon_mixin.mixin.mixin_argument.MixinArgumentDecorator object at 0xffffba8b0800>, verb_extension=<colcon_core.verb.build.BuildVerb object at 0xffffbaa6d070>, main=<bound method BuildVerb.main of <colcon_core.verb.build.BuildVerb object at 0xffffbaa6d070>>, mixin_verb=('build',))
[0.665s] Level 1:colcon.colcon_core.package_discovery:discover_packages(colcon_meta) check parameters
[0.665s] Level 1:colcon.colcon_core.package_discovery:discover_packages(recursive) check parameters
[0.666s] Level 1:colcon.colcon_core.package_discovery:discover_packages(ignore) check parameters
[0.666s] Level 1:colcon.colcon_core.package_discovery:discover_packages(path) check parameters
[0.666s] Level 1:colcon.colcon_core.package_discovery:discover_packages(colcon_meta) discover
[0.666s] Level 1:colcon.colcon_core.package_discovery:discover_packages(recursive) discover
[0.666s] INFO:colcon.colcon_core.package_discovery:Crawling recursively for packages in '/home/clare/Documents/ros_workplace'
[0.667s] Level 1:colcon.colcon_core.package_identification:_identify(.) by extensions ['ignore', 'ignore_ament_install']
[0.667s] Level 1:colcon.colcon_core.package_identification:_identify(.) by extension 'ignore'
[0.667s] Level 1:colcon.colcon_core.package_identification:_identify(.) by extension 'ignore_ament_install'
[0.668s] Level 1:colcon.colcon_core.package_identification:_identify(.) by extensions ['colcon_pkg']
[0.668s] Level 1:colcon.colcon_core.package_identification:_identify(.) by extension 'colcon_pkg'
[0.668s] Level 1:colcon.colcon_core.package_identification:_identify(.) by extensions ['colcon_meta']
[0.668s] Level 1:colcon.colcon_core.package_identification:_identify(.) by extension 'colcon_meta'
[0.668s] Level 1:colcon.colcon_core.package_identification:_identify(.) by extensions ['ros']
[0.668s] Level 1:colcon.colcon_core.package_identification:_identify(.) by extension 'ros'
[0.777s] Level 1:colcon.colcon_core.package_identification:_identify(.) by extensions ['cmake', 'python']
[0.777s] Level 1:colcon.colcon_core.package_identification:_identify(.) by extension 'cmake'
[0.777s] Level 1:colcon.colcon_core.package_identification:_identify(.) by extension 'python'
[0.777s] Level 1:colcon.colcon_core.package_identification:_identify(.) by extensions ['python_setup_py']
[0.778s] Level 1:colcon.colcon_core.package_identification:_identify(.) by extension 'python_setup_py'
[0.778s] Level 1:colcon.colcon_core.package_identification:_identify(build) by extensions ['ignore', 'ignore_ament_install']
[0.779s] Level 1:colcon.colcon_core.package_identification:_identify(build) by extension 'ignore'
[0.779s] Level 1:colcon.colcon_core.package_identification:_identify(build) ignored
[0.779s] Level 1:colcon.colcon_core.package_identification:_identify(install) by extensions ['ignore', 'ignore_ament_install']
[0.780s] Level 1:colcon.colcon_core.package_identification:_identify(install) by extension 'ignore'
[0.780s] Level 1:colcon.colcon_core.package_identification:_identify(install) ignored
[0.781s] Level 1:colcon.colcon_core.package_identification:_identify(log) by extensions ['ignore', 'ignore_ament_install']
[0.781s] Level 1:colcon.colcon_core.package_identification:_identify(log) by extension 'ignore'
[0.781s] Level 1:colcon.colcon_core.package_identification:_identify(log) ignored
[0.782s] Level 1:colcon.colcon_core.package_identification:_identify(src) by extensions ['ignore', 'ignore_ament_install']
[0.782s] Level 1:colcon.colcon_core.package_identification:_identify(src) by extension 'ignore'
[0.782s] Level 1:colcon.colcon_core.package_identification:_identify(src) by extension 'ignore_ament_install'
[0.783s] Level 1:colcon.colcon_core.package_identification:_identify(src) by extensions ['colcon_pkg']
[0.783s] Level 1:colcon.colcon_core.package_identification:_identify(src) by extension 'colcon_pkg'
[0.783s] Level 1:colcon.colcon_core.package_identification:_identify(src) by extensions ['colcon_meta']
[0.783s] Level 1:colcon.colcon_core.package_identification:_identify(src) by extension 'colcon_meta'
[0.783s] Level 1:colcon.colcon_core.package_identification:_identify(src) by extensions ['ros']
[0.783s] Level 1:colcon.colcon_core.package_identification:_identify(src) by extension 'ros'
[0.784s] Level 1:colcon.colcon_core.package_identification:_identify(src) by extensions ['cmake', 'python']
[0.784s] Level 1:colcon.colcon_core.package_identification:_identify(src) by extension 'cmake'
[0.784s] Level 1:colcon.colcon_core.package_identification:_identify(src) by extension 'python'
[0.784s] Level 1:colcon.colcon_core.package_identification:_identify(src) by extensions ['python_setup_py']
[0.784s] Level 1:colcon.colcon_core.package_identification:_identify(src) by extension 'python_setup_py'
[0.785s] Level 1:colcon.colcon_core.package_identification:_identify(src/ti_es_distance_sensor_package) by extensions ['ignore', 'ignore_ament_install']
[0.785s] Level 1:colcon.colcon_core.package_identification:_identify(src/ti_es_distance_sensor_package) by extension 'ignore'
[0.785s] Level 1:colcon.colcon_core.package_identification:_identify(src/ti_es_distance_sensor_package) by extension 'ignore_ament_install'
[0.786s] Level 1:colcon.colcon_core.package_identification:_identify(src/ti_es_distance_sensor_package) by extensions ['colcon_pkg']
[0.786s] Level 1:colcon.colcon_core.package_identification:_identify(src/ti_es_distance_sensor_package) by extension 'colcon_pkg'
[0.786s] Level 1:colcon.colcon_core.package_identification:_identify(src/ti_es_distance_sensor_package) by extensions ['colcon_meta']
[0.786s] Level 1:colcon.colcon_core.package_identification:_identify(src/ti_es_distance_sensor_package) by extension 'colcon_meta'
[0.786s] Level 1:colcon.colcon_core.package_identification:_identify(src/ti_es_distance_sensor_package) by extensions ['ros']
[0.786s] Level 1:colcon.colcon_core.package_identification:_identify(src/ti_es_distance_sensor_package) by extension 'ros'
[0.795s] DEBUG:colcon.colcon_core.package_identification:Package 'src/ti_es_distance_sensor_package' with type 'ros.ament_python' and name 'ti_es_distance_sensor_package'
[0.795s] Level 1:colcon.colcon_core.package_discovery:discover_packages(recursive) using defaults
[0.795s] Level 1:colcon.colcon_core.package_discovery:discover_packages(ignore) discover
[0.796s] Level 1:colcon.colcon_core.package_discovery:discover_packages(ignore) using defaults
[0.796s] Level 1:colcon.colcon_core.package_discovery:discover_packages(path) discover
[0.796s] Level 1:colcon.colcon_core.package_discovery:discover_packages(path) using defaults
[0.868s] Level 1:colcon.colcon_core.package_discovery:discover_packages(prefix_path) check parameters
[0.868s] Level 1:colcon.colcon_core.package_discovery:discover_packages(prefix_path) discover
[0.876s] DEBUG:colcon.colcon_installed_package_information.package_discovery:Found 1 installed packages in /home/clare/Documents/ros_workplace/install
[0.887s] DEBUG:colcon.colcon_installed_package_information.package_discovery:Found 285 installed packages in /opt/ros/jazzy
[0.890s] Level 1:colcon.colcon_core.package_discovery:discover_packages(prefix_path) using defaults
[1.095s] Level 5:colcon.colcon_core.verb:set package 'ti_es_distance_sensor_package' build argument 'cmake_args' from command line to 'None'
[1.095s] Level 5:colcon.colcon_core.verb:set package 'ti_es_distance_sensor_package' build argument 'cmake_target' from command line to 'None'
[1.095s] Level 5:colcon.colcon_core.verb:set package 'ti_es_distance_sensor_package' build argument 'cmake_target_skip_unavailable' from command line to 'False'
[1.095s] Level 5:colcon.colcon_core.verb:set package 'ti_es_distance_sensor_package' build argument 'cmake_clean_cache' from command line to 'False'
[1.095s] Level 5:colcon.colcon_core.verb:set package 'ti_es_distance_sensor_package' build argument 'cmake_clean_first' from command line to 'False'
[1.095s] Level 5:colcon.colcon_core.verb:set package 'ti_es_distance_sensor_package' build argument 'cmake_force_configure' from command line to 'False'
[1.095s] Level 5:colcon.colcon_core.verb:set package 'ti_es_distance_sensor_package' build argument 'ament_cmake_args' from command line to 'None'
[1.096s] Level 5:colcon.colcon_core.verb:set package 'ti_es_distance_sensor_package' build argument 'catkin_cmake_args' from command line to 'None'
[1.096s] Level 5:colcon.colcon_core.verb:set package 'ti_es_distance_sensor_package' build argument 'catkin_skip_building_tests' from command line to 'False'
[1.096s] DEBUG:colcon.colcon_core.verb:Building package 'ti_es_distance_sensor_package' with the following arguments: {'ament_cmake_args': None, 'build_base': '/home/clare/Documents/ros_workplace/build/ti_es_distance_sensor_package', 'catkin_cmake_args': None, 'catkin_skip_building_tests': False, 'cmake_args': None, 'cmake_clean_cache': False, 'cmake_clean_first': False, 'cmake_force_configure': False, 'cmake_target': None, 'cmake_target_skip_unavailable': False, 'install_base': '/home/clare/Documents/ros_workplace/install/ti_es_distance_sensor_package', 'merge_install': False, 'path': '/home/clare/Documents/ros_workplace/src/ti_es_distance_sensor_package', 'symlink_install': False, 'test_result_base': None}
[1.096s] INFO:colcon.colcon_core.executor:Executing jobs using 'parallel' executor
[1.100s] DEBUG:colcon.colcon_parallel_executor.executor.parallel:run_until_complete
[1.101s] INFO:colcon.colcon_ros.task.ament_python.build:Building ROS package in '/home/clare/Documents/ros_workplace/src/ti_es_distance_sensor_package' with build type 'ament_python'
[1.102s] Level 1:colcon.colcon_core.shell:create_environment_hook('ti_es_distance_sensor_package', 'ament_prefix_path')
[1.118s] INFO:colcon.colcon_core.plugin_system:Skipping extension 'colcon_core.shell.bat': Not used on non-Windows systems
[1.120s] INFO:colcon.colcon_core.shell:Creating environment hook '/home/clare/Documents/ros_workplace/install/ti_es_distance_sensor_package/share/ti_es_distance_sensor_package/hook/ament_prefix_path.ps1'
[1.128s] INFO:colcon.colcon_core.shell:Creating environment descriptor '/home/clare/Documents/ros_workplace/install/ti_es_distance_sensor_package/share/ti_es_distance_sensor_package/hook/ament_prefix_path.dsv'
[1.132s] INFO:colcon.colcon_core.shell:Creating environment hook '/home/clare/Documents/ros_workplace/install/ti_es_distance_sensor_package/share/ti_es_distance_sensor_package/hook/ament_prefix_path.sh'
[1.135s] INFO:colcon.colcon_core.shell:Skip shell extension 'powershell' for command environment: Not usable outside of PowerShell
[1.136s] DEBUG:colcon.colcon_core.shell:Skip shell extension 'dsv' for command environment
[2.307s] INFO:colcon.colcon_core.task.python.build:Building Python package in '/home/clare/Documents/ros_workplace/src/ti_es_distance_sensor_package'
[2.308s] INFO:colcon.colcon_core.shell:Skip shell extension 'powershell' for command environment: Not usable outside of PowerShell
[2.308s] DEBUG:colcon.colcon_core.shell:Skip shell extension 'dsv' for command environment
[5.470s] DEBUG:colcon.colcon_core.event_handler.log_command:Invoking command in '/home/clare/Documents/ros_workplace/src/ti_es_distance_sensor_package': DEBUGINFOD_URLS=https://debuginfod.ubuntu.com PYTHONPATH=/home/clare/Documents/ros_workplace/build/ti_es_distance_sensor_package/prefix_override:/usr/lib/python3/dist-packages/colcon_core/task/python/colcon_distutils_commands:/home/clare/Documents/ros_workplace/install/ti_es_distance_sensor_package/lib/python3.12/site-packages:${PYTHONPATH} /usr/bin/python3 -W ignore:setup.py install is deprecated -W ignore:easy_install command is deprecated setup.py egg_info --egg-base ../../build/ti_es_distance_sensor_package build --build-base /home/clare/Documents/ros_workplace/build/ti_es_distance_sensor_package/build install --record /home/clare/Documents/ros_workplace/build/ti_es_distance_sensor_package/install.log --single-version-externally-managed install_data
[8.591s] DEBUG:colcon.colcon_core.event_handler.log_command:Invoked command in '/home/clare/Documents/ros_workplace/src/ti_es_distance_sensor_package' returned '0': DEBUGINFOD_URLS=https://debuginfod.ubuntu.com PYTHONPATH=/home/clare/Documents/ros_workplace/build/ti_es_distance_sensor_package/prefix_override:/usr/lib/python3/dist-packages/colcon_core/task/python/colcon_distutils_commands:/home/clare/Documents/ros_workplace/install/ti_es_distance_sensor_package/lib/python3.12/site-packages:${PYTHONPATH} /usr/bin/python3 -W ignore:setup.py install is deprecated -W ignore:easy_install command is deprecated setup.py egg_info --egg-base ../../build/ti_es_distance_sensor_package build --build-base /home/clare/Documents/ros_workplace/build/ti_es_distance_sensor_package/build install --record /home/clare/Documents/ros_workplace/build/ti_es_distance_sensor_package/install.log --single-version-externally-managed install_data
[8.600s] Level 1:colcon.colcon_core.environment:checking '/home/clare/Documents/ros_workplace/install/ti_es_distance_sensor_package' for CMake module files
[8.603s] Level 1:colcon.colcon_core.environment:checking '/home/clare/Documents/ros_workplace/install/ti_es_distance_sensor_package' for CMake config files
[8.608s] Level 1:colcon.colcon_core.environment:checking '/home/clare/Documents/ros_workplace/install/ti_es_distance_sensor_package/lib'
[8.609s] Level 1:colcon.colcon_core.environment:checking '/home/clare/Documents/ros_workplace/install/ti_es_distance_sensor_package/bin'
[8.609s] Level 1:colcon.colcon_core.environment:checking '/home/clare/Documents/ros_workplace/install/ti_es_distance_sensor_package/lib/pkgconfig/ti_es_distance_sensor_package.pc'
[8.610s] Level 1:colcon.colcon_core.environment:checking '/home/clare/Documents/ros_workplace/install/ti_es_distance_sensor_package/lib/python3.12/site-packages'
[8.611s] Level 1:colcon.colcon_core.shell:create_environment_hook('ti_es_distance_sensor_package', 'pythonpath')
[8.612s] INFO:colcon.colcon_core.shell:Creating environment hook '/home/clare/Documents/ros_workplace/install/ti_es_distance_sensor_package/share/ti_es_distance_sensor_package/hook/pythonpath.ps1'
[8.614s] INFO:colcon.colcon_core.shell:Creating environment descriptor '/home/clare/Documents/ros_workplace/install/ti_es_distance_sensor_package/share/ti_es_distance_sensor_package/hook/pythonpath.dsv'
[8.616s] INFO:colcon.colcon_core.shell:Creating environment hook '/home/clare/Documents/ros_workplace/install/ti_es_distance_sensor_package/share/ti_es_distance_sensor_package/hook/pythonpath.sh'
[8.618s] Level 1:colcon.colcon_core.environment:checking '/home/clare/Documents/ros_workplace/install/ti_es_distance_sensor_package/bin'
[8.619s] Level 1:colcon.colcon_core.environment:create_environment_scripts_only(ti_es_distance_sensor_package)
[8.620s] INFO:colcon.colcon_core.shell:Creating package script '/home/clare/Documents/ros_workplace/install/ti_es_distance_sensor_package/share/ti_es_distance_sensor_package/package.ps1'
[8.623s] INFO:colcon.colcon_core.shell:Creating package descriptor '/home/clare/Documents/ros_workplace/install/ti_es_distance_sensor_package/share/ti_es_distance_sensor_package/package.dsv'
[8.626s] INFO:colcon.colcon_core.shell:Creating package script '/home/clare/Documents/ros_workplace/install/ti_es_distance_sensor_package/share/ti_es_distance_sensor_package/package.sh'
[8.629s] INFO:colcon.colcon_core.shell:Creating package script '/home/clare/Documents/ros_workplace/install/ti_es_distance_sensor_package/share/ti_es_distance_sensor_package/package.bash'
[8.633s] INFO:colcon.colcon_core.shell:Creating package script '/home/clare/Documents/ros_workplace/install/ti_es_distance_sensor_package/share/ti_es_distance_sensor_package/package.zsh'
[8.636s] Level 1:colcon.colcon_core.environment:create_file_with_runtime_dependencies(/home/clare/Documents/ros_workplace/install/ti_es_distance_sensor_package/share/colcon-core/packages/ti_es_distance_sensor_package)
[8.637s] DEBUG:colcon.colcon_parallel_executor.executor.parallel:closing loop
[8.639s] DEBUG:colcon.colcon_parallel_executor.executor.parallel:loop closed
[8.640s] DEBUG:colcon.colcon_parallel_executor.executor.parallel:run_until_complete finished with '0'
[8.640s] DEBUG:colcon.colcon_core.event_reactor:joining thread
[8.683s] INFO:colcon.colcon_core.plugin_system:Skipping extension 'colcon_notification.desktop_notification.terminal_notifier': Not used on non-Darwin systems
[8.684s] INFO:colcon.colcon_core.plugin_system:Skipping extension 'colcon_notification.desktop_notification.win32': Not used on non-Windows systems
[8.684s] INFO:colcon.colcon_notification.desktop_notification:Sending desktop notification using 'notify2'
[8.762s] DEBUG:colcon.colcon_core.event_reactor:joined thread
[8.764s] INFO:colcon.colcon_core.shell:Creating prefix script '/home/clare/Documents/ros_workplace/install/local_setup.ps1'
[8.768s] INFO:colcon.colcon_core.shell:Creating prefix util module '/home/clare/Documents/ros_workplace/install/_local_setup_util_ps1.py'
[8.774s] INFO:colcon.colcon_core.shell:Creating prefix chain script '/home/clare/Documents/ros_workplace/install/setup.ps1'
[8.781s] INFO:colcon.colcon_core.shell:Creating prefix script '/home/clare/Documents/ros_workplace/install/local_setup.sh'
[8.785s] INFO:colcon.colcon_core.shell:Creating prefix util module '/home/clare/Documents/ros_workplace/install/_local_setup_util_sh.py'
[8.790s] INFO:colcon.colcon_core.shell:Creating prefix chain script '/home/clare/Documents/ros_workplace/install/setup.sh'
[8.795s] INFO:colcon.colcon_core.shell:Creating prefix script '/home/clare/Documents/ros_workplace/install/local_setup.bash'
[8.798s] INFO:colcon.colcon_core.shell:Creating prefix chain script '/home/clare/Documents/ros_workplace/install/setup.bash'
[8.803s] INFO:colcon.colcon_core.shell:Creating prefix script '/home/clare/Documents/ros_workplace/install/local_setup.zsh'
[8.807s] INFO:colcon.colcon_core.shell:Creating prefix chain script '/home/clare/Documents/ros_workplace/install/setup.zsh'
