[0.481s] DEBUG:colcon:Command line arguments: ['/usr/bin/colcon', 'build']
[0.482s] DEBUG:colcon:Parsed command line arguments: Namespace(log_base=None, log_level=None, verb_name='build', build_base='build', install_base='install', merge_install=False, symlink_install=False, test_result_base=None, continue_on_error=False, executor='parallel', parallel_workers=4, event_handlers=None, ignore_user_meta=False, metas=['./colcon.meta'], base_paths=['.'], packages_ignore=None, packages_ignore_regex=None, paths=None, packages_up_to=None, packages_up_to_regex=None, packages_above=None, packages_above_and_dependencies=None, packages_above_depth=None, packages_select_by_dep=None, packages_skip_by_dep=None, packages_skip_up_to=None, packages_select_build_failed=False, packages_skip_build_finished=False, packages_select_test_failures=False, packages_skip_test_passed=False, packages_select=None, packages_skip=None, packages_select_regex=None, packages_skip_regex=None, packages_start=None, packages_end=None, allow_overriding=[], cmake_args=None, cmake_target=None, cmake_target_skip_unavailable=False, cmake_clean_cache=False, cmake_clean_first=False, cmake_force_configure=False, ament_cmake_args=None, catkin_cmake_args=None, catkin_skip_building_tests=False, mixin_files=None, mixin=None, verb_parser=<colcon_mixin.mixin.mixin_argument.MixinArgumentDecorator object at 0xffff8a680890>, verb_extension=<colcon_core.verb.build.BuildVerb object at 0xffff8a83c650>, main=<bound method BuildVerb.main of <colcon_core.verb.build.BuildVerb object at 0xffff8a83c650>>, mixin_verb=('build',))
[0.678s] Level 1:colcon.colcon_core.package_discovery:discover_packages(colcon_meta) check parameters
[0.679s] Level 1:colcon.colcon_core.package_discovery:discover_packages(recursive) check parameters
[0.679s] Level 1:colcon.colcon_core.package_discovery:discover_packages(ignore) check parameters
[0.679s] Level 1:colcon.colcon_core.package_discovery:discover_packages(path) check parameters
[0.680s] Level 1:colcon.colcon_core.package_discovery:discover_packages(colcon_meta) discover
[0.680s] Level 1:colcon.colcon_core.package_discovery:discover_packages(recursive) discover
[0.680s] INFO:colcon.colcon_core.package_discovery:Crawling recursively for packages in '/home/clare/Documents/ros_workplace'
[0.681s] Level 1:colcon.colcon_core.package_identification:_identify(.) by extensions ['ignore', 'ignore_ament_install']
[0.681s] Level 1:colcon.colcon_core.package_identification:_identify(.) by extension 'ignore'
[0.682s] Level 1:colcon.colcon_core.package_identification:_identify(.) by extension 'ignore_ament_install'
[0.682s] Level 1:colcon.colcon_core.package_identification:_identify(.) by extensions ['colcon_pkg']
[0.682s] Level 1:colcon.colcon_core.package_identification:_identify(.) by extension 'colcon_pkg'
[0.683s] Level 1:colcon.colcon_core.package_identification:_identify(.) by extensions ['colcon_meta']
[0.683s] Level 1:colcon.colcon_core.package_identification:_identify(.) by extension 'colcon_meta'
[0.683s] Level 1:colcon.colcon_core.package_identification:_identify(.) by extensions ['ros']
[0.683s] Level 1:colcon.colcon_core.package_identification:_identify(.) by extension 'ros'
[0.801s] Level 1:colcon.colcon_core.package_identification:_identify(.) by extensions ['cmake', 'python']
[0.802s] Level 1:colcon.colcon_core.package_identification:_identify(.) by extension 'cmake'
[0.802s] Level 1:colcon.colcon_core.package_identification:_identify(.) by extension 'python'
[0.802s] Level 1:colcon.colcon_core.package_identification:_identify(.) by extensions ['python_setup_py']
[0.802s] Level 1:colcon.colcon_core.package_identification:_identify(.) by extension 'python_setup_py'
[0.803s] Level 1:colcon.colcon_core.package_identification:_identify(build) by extensions ['ignore', 'ignore_ament_install']
[0.803s] Level 1:colcon.colcon_core.package_identification:_identify(build) by extension 'ignore'
[0.803s] Level 1:colcon.colcon_core.package_identification:_identify(build) ignored
[0.804s] Level 1:colcon.colcon_core.package_identification:_identify(install) by extensions ['ignore', 'ignore_ament_install']
[0.804s] Level 1:colcon.colcon_core.package_identification:_identify(install) by extension 'ignore'
[0.804s] Level 1:colcon.colcon_core.package_identification:_identify(install) ignored
[0.805s] Level 1:colcon.colcon_core.package_identification:_identify(log) by extensions ['ignore', 'ignore_ament_install']
[0.805s] Level 1:colcon.colcon_core.package_identification:_identify(log) by extension 'ignore'
[0.805s] Level 1:colcon.colcon_core.package_identification:_identify(log) ignored
[0.805s] Level 1:colcon.colcon_core.package_identification:_identify(src) by extensions ['ignore', 'ignore_ament_install']
[0.806s] Level 1:colcon.colcon_core.package_identification:_identify(src) by extension 'ignore'
[0.806s] Level 1:colcon.colcon_core.package_identification:_identify(src) by extension 'ignore_ament_install'
[0.806s] Level 1:colcon.colcon_core.package_identification:_identify(src) by extensions ['colcon_pkg']
[0.806s] Level 1:colcon.colcon_core.package_identification:_identify(src) by extension 'colcon_pkg'
[0.806s] Level 1:colcon.colcon_core.package_identification:_identify(src) by extensions ['colcon_meta']
[0.807s] Level 1:colcon.colcon_core.package_identification:_identify(src) by extension 'colcon_meta'
[0.807s] Level 1:colcon.colcon_core.package_identification:_identify(src) by extensions ['ros']
[0.807s] Level 1:colcon.colcon_core.package_identification:_identify(src) by extension 'ros'
[0.807s] Level 1:colcon.colcon_core.package_identification:_identify(src) by extensions ['cmake', 'python']
[0.807s] Level 1:colcon.colcon_core.package_identification:_identify(src) by extension 'cmake'
[0.807s] Level 1:colcon.colcon_core.package_identification:_identify(src) by extension 'python'
[0.808s] Level 1:colcon.colcon_core.package_identification:_identify(src) by extensions ['python_setup_py']
[0.808s] Level 1:colcon.colcon_core.package_identification:_identify(src) by extension 'python_setup_py'
[0.808s] Level 1:colcon.colcon_core.package_identification:_identify(src/ti_es_distance_sensor_package) by extensions ['ignore', 'ignore_ament_install']
[0.808s] Level 1:colcon.colcon_core.package_identification:_identify(src/ti_es_distance_sensor_package) by extension 'ignore'
[0.809s] Level 1:colcon.colcon_core.package_identification:_identify(src/ti_es_distance_sensor_package) by extension 'ignore_ament_install'
[0.809s] Level 1:colcon.colcon_core.package_identification:_identify(src/ti_es_distance_sensor_package) by extensions ['colcon_pkg']
[0.809s] Level 1:colcon.colcon_core.package_identification:_identify(src/ti_es_distance_sensor_package) by extension 'colcon_pkg'
[0.809s] Level 1:colcon.colcon_core.package_identification:_identify(src/ti_es_distance_sensor_package) by extensions ['colcon_meta']
[0.809s] Level 1:colcon.colcon_core.package_identification:_identify(src/ti_es_distance_sensor_package) by extension 'colcon_meta'
[0.809s] Level 1:colcon.colcon_core.package_identification:_identify(src/ti_es_distance_sensor_package) by extensions ['ros']
[0.810s] Level 1:colcon.colcon_core.package_identification:_identify(src/ti_es_distance_sensor_package) by extension 'ros'
[0.818s] DEBUG:colcon.colcon_core.package_identification:Package 'src/ti_es_distance_sensor_package' with type 'ros.ament_python' and name 'ti_es_distance_sensor_package'
[0.818s] Level 1:colcon.colcon_core.package_discovery:discover_packages(recursive) using defaults
[0.818s] Level 1:colcon.colcon_core.package_discovery:discover_packages(ignore) discover
[0.818s] Level 1:colcon.colcon_core.package_discovery:discover_packages(ignore) using defaults
[0.818s] Level 1:colcon.colcon_core.package_discovery:discover_packages(path) discover
[0.819s] Level 1:colcon.colcon_core.package_discovery:discover_packages(path) using defaults
[0.890s] Level 1:colcon.colcon_core.package_discovery:discover_packages(prefix_path) check parameters
[0.891s] Level 1:colcon.colcon_core.package_discovery:discover_packages(prefix_path) discover
[0.899s] DEBUG:colcon.colcon_installed_package_information.package_discovery:Found 1 installed packages in /home/clare/Documents/ros_workplace/install
[0.909s] DEBUG:colcon.colcon_installed_package_information.package_discovery:Found 285 installed packages in /opt/ros/jazzy
[0.912s] Level 1:colcon.colcon_core.package_discovery:discover_packages(prefix_path) using defaults
[1.104s] Level 5:colcon.colcon_core.verb:set package 'ti_es_distance_sensor_package' build argument 'cmake_args' from command line to 'None'
[1.104s] Level 5:colcon.colcon_core.verb:set package 'ti_es_distance_sensor_package' build argument 'cmake_target' from command line to 'None'
[1.104s] Level 5:colcon.colcon_core.verb:set package 'ti_es_distance_sensor_package' build argument 'cmake_target_skip_unavailable' from command line to 'False'
[1.105s] Level 5:colcon.colcon_core.verb:set package 'ti_es_distance_sensor_package' build argument 'cmake_clean_cache' from command line to 'False'
[1.105s] Level 5:colcon.colcon_core.verb:set package 'ti_es_distance_sensor_package' build argument 'cmake_clean_first' from command line to 'False'
[1.105s] Level 5:colcon.colcon_core.verb:set package 'ti_es_distance_sensor_package' build argument 'cmake_force_configure' from command line to 'False'
[1.105s] Level 5:colcon.colcon_core.verb:set package 'ti_es_distance_sensor_package' build argument 'ament_cmake_args' from command line to 'None'
[1.105s] Level 5:colcon.colcon_core.verb:set package 'ti_es_distance_sensor_package' build argument 'catkin_cmake_args' from command line to 'None'
[1.105s] Level 5:colcon.colcon_core.verb:set package 'ti_es_distance_sensor_package' build argument 'catkin_skip_building_tests' from command line to 'False'
[1.105s] DEBUG:colcon.colcon_core.verb:Building package 'ti_es_distance_sensor_package' with the following arguments: {'ament_cmake_args': None, 'build_base': '/home/clare/Documents/ros_workplace/build/ti_es_distance_sensor_package', 'catkin_cmake_args': None, 'catkin_skip_building_tests': False, 'cmake_args': None, 'cmake_clean_cache': False, 'cmake_clean_first': False, 'cmake_force_configure': False, 'cmake_target': None, 'cmake_target_skip_unavailable': False, 'install_base': '/home/clare/Documents/ros_workplace/install/ti_es_distance_sensor_package', 'merge_install': False, 'path': '/home/clare/Documents/ros_workplace/src/ti_es_distance_sensor_package', 'symlink_install': False, 'test_result_base': None}
[1.106s] INFO:colcon.colcon_core.executor:Executing jobs using 'parallel' executor
[1.109s] DEBUG:colcon.colcon_parallel_executor.executor.parallel:run_until_complete
[1.110s] INFO:colcon.colcon_ros.task.ament_python.build:Building ROS package in '/home/clare/Documents/ros_workplace/src/ti_es_distance_sensor_package' with build type 'ament_python'
[1.111s] Level 1:colcon.colcon_core.shell:create_environment_hook('ti_es_distance_sensor_package', 'ament_prefix_path')
[1.126s] INFO:colcon.colcon_core.plugin_system:Skipping extension 'colcon_core.shell.bat': Not used on non-Windows systems
[1.127s] INFO:colcon.colcon_core.shell:Creating environment hook '/home/clare/Documents/ros_workplace/install/ti_es_distance_sensor_package/share/ti_es_distance_sensor_package/hook/ament_prefix_path.ps1'
[1.131s] INFO:colcon.colcon_core.shell:Creating environment descriptor '/home/clare/Documents/ros_workplace/install/ti_es_distance_sensor_package/share/ti_es_distance_sensor_package/hook/ament_prefix_path.dsv'
[1.136s] INFO:colcon.colcon_core.shell:Creating environment hook '/home/clare/Documents/ros_workplace/install/ti_es_distance_sensor_package/share/ti_es_distance_sensor_package/hook/ament_prefix_path.sh'
[1.142s] INFO:colcon.colcon_core.shell:Skip shell extension 'powershell' for command environment: Not usable outside of PowerShell
[1.142s] DEBUG:colcon.colcon_core.shell:Skip shell extension 'dsv' for command environment
[2.249s] INFO:colcon.colcon_core.task.python.build:Building Python package in '/home/clare/Documents/ros_workplace/src/ti_es_distance_sensor_package'
[2.250s] INFO:colcon.colcon_core.shell:Skip shell extension 'powershell' for command environment: Not usable outside of PowerShell
[2.250s] DEBUG:colcon.colcon_core.shell:Skip shell extension 'dsv' for command environment
[5.276s] DEBUG:colcon.colcon_core.event_handler.log_command:Invoking command in '/home/clare/Documents/ros_workplace/src/ti_es_distance_sensor_package': DEBUGINFOD_URLS=https://debuginfod.ubuntu.com PYTHONPATH=/home/clare/Documents/ros_workplace/build/ti_es_distance_sensor_package/prefix_override:/usr/lib/python3/dist-packages/colcon_core/task/python/colcon_distutils_commands:/home/clare/Documents/ros_workplace/install/ti_es_distance_sensor_package/lib/python3.12/site-packages:${PYTHONPATH} /usr/bin/python3 -W ignore:setup.py install is deprecated -W ignore:easy_install command is deprecated setup.py egg_info --egg-base ../../build/ti_es_distance_sensor_package build --build-base /home/clare/Documents/ros_workplace/build/ti_es_distance_sensor_package/build install --record /home/clare/Documents/ros_workplace/build/ti_es_distance_sensor_package/install.log --single-version-externally-managed install_data
[9.378s] Level 1:colcon.colcon_core.environment:checking '/home/clare/Documents/ros_workplace/install/ti_es_distance_sensor_package' for CMake module files
[9.575s] DEBUG:colcon.colcon_core.event_handler.log_command:Invoked command in '/home/clare/Documents/ros_workplace/src/ti_es_distance_sensor_package' returned '0': DEBUGINFOD_URLS=https://debuginfod.ubuntu.com PYTHONPATH=/home/clare/Documents/ros_workplace/build/ti_es_distance_sensor_package/prefix_override:/usr/lib/python3/dist-packages/colcon_core/task/python/colcon_distutils_commands:/home/clare/Documents/ros_workplace/install/ti_es_distance_sensor_package/lib/python3.12/site-packages:${PYTHONPATH} /usr/bin/python3 -W ignore:setup.py install is deprecated -W ignore:easy_install command is deprecated setup.py egg_info --egg-base ../../build/ti_es_distance_sensor_package build --build-base /home/clare/Documents/ros_workplace/build/ti_es_distance_sensor_package/build install --record /home/clare/Documents/ros_workplace/build/ti_es_distance_sensor_package/install.log --single-version-externally-managed install_data
[9.581s] Level 1:colcon.colcon_core.environment:checking '/home/clare/Documents/ros_workplace/install/ti_es_distance_sensor_package' for CMake config files
[9.589s] Level 1:colcon.colcon_core.environment:checking '/home/clare/Documents/ros_workplace/install/ti_es_distance_sensor_package/lib'
[9.592s] Level 1:colcon.colcon_core.environment:checking '/home/clare/Documents/ros_workplace/install/ti_es_distance_sensor_package/bin'
[9.593s] Level 1:colcon.colcon_core.environment:checking '/home/clare/Documents/ros_workplace/install/ti_es_distance_sensor_package/lib/pkgconfig/ti_es_distance_sensor_package.pc'
[9.596s] Level 1:colcon.colcon_core.environment:checking '/home/clare/Documents/ros_workplace/install/ti_es_distance_sensor_package/lib/python3.12/site-packages'
[9.597s] Level 1:colcon.colcon_core.shell:create_environment_hook('ti_es_distance_sensor_package', 'pythonpath')
[9.599s] INFO:colcon.colcon_core.shell:Creating environment hook '/home/clare/Documents/ros_workplace/install/ti_es_distance_sensor_package/share/ti_es_distance_sensor_package/hook/pythonpath.ps1'
[9.980s] INFO:colcon.colcon_core.shell:Creating environment descriptor '/home/clare/Documents/ros_workplace/install/ti_es_distance_sensor_package/share/ti_es_distance_sensor_package/hook/pythonpath.dsv'
[9.986s] INFO:colcon.colcon_core.shell:Creating environment hook '/home/clare/Documents/ros_workplace/install/ti_es_distance_sensor_package/share/ti_es_distance_sensor_package/hook/pythonpath.sh'
[10.538s] Level 1:colcon.colcon_core.environment:checking '/home/clare/Documents/ros_workplace/install/ti_es_distance_sensor_package/bin'
[11.073s] Level 1:colcon.colcon_core.environment:create_environment_scripts_only(ti_es_distance_sensor_package)
[11.153s] INFO:colcon.colcon_core.shell:Creating package script '/home/clare/Documents/ros_workplace/install/ti_es_distance_sensor_package/share/ti_es_distance_sensor_package/package.ps1'
[11.244s] INFO:colcon.colcon_core.shell:Creating package descriptor '/home/clare/Documents/ros_workplace/install/ti_es_distance_sensor_package/share/ti_es_distance_sensor_package/package.dsv'
[11.298s] INFO:colcon.colcon_core.shell:Creating package script '/home/clare/Documents/ros_workplace/install/ti_es_distance_sensor_package/share/ti_es_distance_sensor_package/package.sh'
[11.315s] INFO:colcon.colcon_core.shell:Creating package script '/home/clare/Documents/ros_workplace/install/ti_es_distance_sensor_package/share/ti_es_distance_sensor_package/package.bash'
[11.425s] INFO:colcon.colcon_core.shell:Creating package script '/home/clare/Documents/ros_workplace/install/ti_es_distance_sensor_package/share/ti_es_distance_sensor_package/package.zsh'
[11.441s] Level 1:colcon.colcon_core.environment:create_file_with_runtime_dependencies(/home/clare/Documents/ros_workplace/install/ti_es_distance_sensor_package/share/colcon-core/packages/ti_es_distance_sensor_package)
[11.443s] DEBUG:colcon.colcon_parallel_executor.executor.parallel:closing loop
[11.445s] DEBUG:colcon.colcon_parallel_executor.executor.parallel:loop closed
[11.445s] DEBUG:colcon.colcon_parallel_executor.executor.parallel:run_until_complete finished with '0'
[11.446s] DEBUG:colcon.colcon_core.event_reactor:joining thread
[11.612s] INFO:colcon.colcon_core.plugin_system:Skipping extension 'colcon_notification.desktop_notification.terminal_notifier': Not used on non-Darwin systems
[11.625s] INFO:colcon.colcon_core.plugin_system:Skipping extension 'colcon_notification.desktop_notification.win32': Not used on non-Windows systems
[11.626s] INFO:colcon.colcon_notification.desktop_notification:Sending desktop notification using 'notify2'
[11.730s] DEBUG:colcon.colcon_core.event_reactor:joined thread
[11.731s] INFO:colcon.colcon_core.shell:Creating prefix script '/home/clare/Documents/ros_workplace/install/local_setup.ps1'
[11.744s] INFO:colcon.colcon_core.shell:Creating prefix util module '/home/clare/Documents/ros_workplace/install/_local_setup_util_ps1.py'
[11.751s] INFO:colcon.colcon_core.shell:Creating prefix chain script '/home/clare/Documents/ros_workplace/install/setup.ps1'
[11.813s] INFO:colcon.colcon_core.shell:Creating prefix script '/home/clare/Documents/ros_workplace/install/local_setup.sh'
[11.816s] INFO:colcon.colcon_core.shell:Creating prefix util module '/home/clare/Documents/ros_workplace/install/_local_setup_util_sh.py'
[11.821s] INFO:colcon.colcon_core.shell:Creating prefix chain script '/home/clare/Documents/ros_workplace/install/setup.sh'
[11.829s] INFO:colcon.colcon_core.shell:Creating prefix script '/home/clare/Documents/ros_workplace/install/local_setup.bash'
[11.832s] INFO:colcon.colcon_core.shell:Creating prefix chain script '/home/clare/Documents/ros_workplace/install/setup.bash'
[11.836s] INFO:colcon.colcon_core.shell:Creating prefix script '/home/clare/Documents/ros_workplace/install/local_setup.zsh'
[11.839s] INFO:colcon.colcon_core.shell:Creating prefix chain script '/home/clare/Documents/ros_workplace/install/setup.zsh'
