[0.490s] DEBUG:colcon:Command line arguments: ['/usr/bin/colcon', 'build']
[0.491s] DEBUG:colcon:Parsed command line arguments: Namespace(log_base=None, log_level=None, verb_name='build', build_base='build', install_base='install', merge_install=False, symlink_install=False, test_result_base=None, continue_on_error=False, executor='parallel', parallel_workers=4, event_handlers=None, ignore_user_meta=False, metas=['./colcon.meta'], base_paths=['.'], packages_ignore=None, packages_ignore_regex=None, paths=None, packages_up_to=None, packages_up_to_regex=None, packages_above=None, packages_above_and_dependencies=None, packages_above_depth=None, packages_select_by_dep=None, packages_skip_by_dep=None, packages_skip_up_to=None, packages_select_build_failed=False, packages_skip_build_finished=False, packages_select_test_failures=False, packages_skip_test_passed=False, packages_select=None, packages_skip=None, packages_select_regex=None, packages_skip_regex=None, packages_start=None, packages_end=None, allow_overriding=[], cmake_args=None, cmake_target=None, cmake_target_skip_unavailable=False, cmake_clean_cache=False, cmake_clean_first=False, cmake_force_configure=False, ament_cmake_args=None, catkin_cmake_args=None, catkin_skip_building_tests=False, mixin_files=None, mixin=None, verb_parser=<colcon_mixin.mixin.mixin_argument.MixinArgumentDecorator object at 0xffff97ee1010>, verb_extension=<colcon_core.verb.build.BuildVerb object at 0xffff980a5190>, main=<bound method BuildVerb.main of <colcon_core.verb.build.BuildVerb object at 0xffff980a5190>>, mixin_verb=('build',))
[0.668s] Level 1:colcon.colcon_core.package_discovery:discover_packages(colcon_meta) check parameters
[0.668s] Level 1:colcon.colcon_core.package_discovery:discover_packages(recursive) check parameters
[0.668s] Level 1:colcon.colcon_core.package_discovery:discover_packages(ignore) check parameters
[0.669s] Level 1:colcon.colcon_core.package_discovery:discover_packages(path) check parameters
[0.669s] Level 1:colcon.colcon_core.package_discovery:discover_packages(colcon_meta) discover
[0.669s] Level 1:colcon.colcon_core.package_discovery:discover_packages(recursive) discover
[0.669s] INFO:colcon.colcon_core.package_discovery:Crawling recursively for packages in '/home/clare/Documents/ros_workplace'
[0.670s] Level 1:colcon.colcon_core.package_identification:_identify(.) by extensions ['ignore', 'ignore_ament_install']
[0.670s] Level 1:colcon.colcon_core.package_identification:_identify(.) by extension 'ignore'
[0.670s] Level 1:colcon.colcon_core.package_identification:_identify(.) by extension 'ignore_ament_install'
[0.670s] Level 1:colcon.colcon_core.package_identification:_identify(.) by extensions ['colcon_pkg']
[0.671s] Level 1:colcon.colcon_core.package_identification:_identify(.) by extension 'colcon_pkg'
[0.671s] Level 1:colcon.colcon_core.package_identification:_identify(.) by extensions ['colcon_meta']
[0.671s] Level 1:colcon.colcon_core.package_identification:_identify(.) by extension 'colcon_meta'
[0.671s] Level 1:colcon.colcon_core.package_identification:_identify(.) by extensions ['ros']
[0.671s] Level 1:colcon.colcon_core.package_identification:_identify(.) by extension 'ros'
[0.778s] Level 1:colcon.colcon_core.package_identification:_identify(.) by extensions ['cmake', 'python']
[0.778s] Level 1:colcon.colcon_core.package_identification:_identify(.) by extension 'cmake'
[0.778s] Level 1:colcon.colcon_core.package_identification:_identify(.) by extension 'python'
[0.779s] Level 1:colcon.colcon_core.package_identification:_identify(.) by extensions ['python_setup_py']
[0.779s] Level 1:colcon.colcon_core.package_identification:_identify(.) by extension 'python_setup_py'
[0.779s] Level 1:colcon.colcon_core.package_identification:_identify(build) by extensions ['ignore', 'ignore_ament_install']
[0.780s] Level 1:colcon.colcon_core.package_identification:_identify(build) by extension 'ignore'
[0.780s] Level 1:colcon.colcon_core.package_identification:_identify(build) ignored
[0.781s] Level 1:colcon.colcon_core.package_identification:_identify(install) by extensions ['ignore', 'ignore_ament_install']
[0.781s] Level 1:colcon.colcon_core.package_identification:_identify(install) by extension 'ignore'
[0.781s] Level 1:colcon.colcon_core.package_identification:_identify(install) ignored
[0.782s] Level 1:colcon.colcon_core.package_identification:_identify(log) by extensions ['ignore', 'ignore_ament_install']
[0.782s] Level 1:colcon.colcon_core.package_identification:_identify(log) by extension 'ignore'
[0.783s] Level 1:colcon.colcon_core.package_identification:_identify(log) ignored
[0.783s] Level 1:colcon.colcon_core.package_identification:_identify(src) by extensions ['ignore', 'ignore_ament_install']
[0.783s] Level 1:colcon.colcon_core.package_identification:_identify(src) by extension 'ignore'
[0.784s] Level 1:colcon.colcon_core.package_identification:_identify(src) by extension 'ignore_ament_install'
[0.784s] Level 1:colcon.colcon_core.package_identification:_identify(src) by extensions ['colcon_pkg']
[0.784s] Level 1:colcon.colcon_core.package_identification:_identify(src) by extension 'colcon_pkg'
[0.784s] Level 1:colcon.colcon_core.package_identification:_identify(src) by extensions ['colcon_meta']
[0.784s] Level 1:colcon.colcon_core.package_identification:_identify(src) by extension 'colcon_meta'
[0.784s] Level 1:colcon.colcon_core.package_identification:_identify(src) by extensions ['ros']
[0.784s] Level 1:colcon.colcon_core.package_identification:_identify(src) by extension 'ros'
[0.785s] Level 1:colcon.colcon_core.package_identification:_identify(src) by extensions ['cmake', 'python']
[0.785s] Level 1:colcon.colcon_core.package_identification:_identify(src) by extension 'cmake'
[0.785s] Level 1:colcon.colcon_core.package_identification:_identify(src) by extension 'python'
[0.785s] Level 1:colcon.colcon_core.package_identification:_identify(src) by extensions ['python_setup_py']
[0.785s] Level 1:colcon.colcon_core.package_identification:_identify(src) by extension 'python_setup_py'
[0.786s] Level 1:colcon.colcon_core.package_identification:_identify(src/ti_es_distance_sensor_package) by extensions ['ignore', 'ignore_ament_install']
[0.786s] Level 1:colcon.colcon_core.package_identification:_identify(src/ti_es_distance_sensor_package) by extension 'ignore'
[0.787s] Level 1:colcon.colcon_core.package_identification:_identify(src/ti_es_distance_sensor_package) by extension 'ignore_ament_install'
[0.787s] Level 1:colcon.colcon_core.package_identification:_identify(src/ti_es_distance_sensor_package) by extensions ['colcon_pkg']
[0.787s] Level 1:colcon.colcon_core.package_identification:_identify(src/ti_es_distance_sensor_package) by extension 'colcon_pkg'
[0.787s] Level 1:colcon.colcon_core.package_identification:_identify(src/ti_es_distance_sensor_package) by extensions ['colcon_meta']
[0.787s] Level 1:colcon.colcon_core.package_identification:_identify(src/ti_es_distance_sensor_package) by extension 'colcon_meta'
[0.787s] Level 1:colcon.colcon_core.package_identification:_identify(src/ti_es_distance_sensor_package) by extensions ['ros']
[0.788s] Level 1:colcon.colcon_core.package_identification:_identify(src/ti_es_distance_sensor_package) by extension 'ros'
[0.796s] DEBUG:colcon.colcon_core.package_identification:Package 'src/ti_es_distance_sensor_package' with type 'ros.ament_python' and name 'ti_es_distance_sensor_package'
[0.796s] Level 1:colcon.colcon_core.package_discovery:discover_packages(recursive) using defaults
[0.797s] Level 1:colcon.colcon_core.package_discovery:discover_packages(ignore) discover
[0.797s] Level 1:colcon.colcon_core.package_discovery:discover_packages(ignore) using defaults
[0.797s] Level 1:colcon.colcon_core.package_discovery:discover_packages(path) discover
[0.797s] Level 1:colcon.colcon_core.package_discovery:discover_packages(path) using defaults
[0.868s] Level 1:colcon.colcon_core.package_discovery:discover_packages(prefix_path) check parameters
[0.868s] Level 1:colcon.colcon_core.package_discovery:discover_packages(prefix_path) discover
[0.876s] DEBUG:colcon.colcon_installed_package_information.package_discovery:Found 1 installed packages in /home/clare/Documents/ros_workplace/install
[0.879s] DEBUG:colcon.colcon_installed_package_information.package_discovery:Found 1 installed packages in /home/clare/Documents/test_ros_workspace/install
[0.891s] DEBUG:colcon.colcon_installed_package_information.package_discovery:Found 285 installed packages in /opt/ros/jazzy
[0.895s] Level 1:colcon.colcon_core.package_discovery:discover_packages(prefix_path) using defaults
[1.102s] Level 5:colcon.colcon_core.verb:set package 'ti_es_distance_sensor_package' build argument 'cmake_args' from command line to 'None'
[1.103s] Level 5:colcon.colcon_core.verb:set package 'ti_es_distance_sensor_package' build argument 'cmake_target' from command line to 'None'
[1.103s] Level 5:colcon.colcon_core.verb:set package 'ti_es_distance_sensor_package' build argument 'cmake_target_skip_unavailable' from command line to 'False'
[1.103s] Level 5:colcon.colcon_core.verb:set package 'ti_es_distance_sensor_package' build argument 'cmake_clean_cache' from command line to 'False'
[1.103s] Level 5:colcon.colcon_core.verb:set package 'ti_es_distance_sensor_package' build argument 'cmake_clean_first' from command line to 'False'
[1.103s] Level 5:colcon.colcon_core.verb:set package 'ti_es_distance_sensor_package' build argument 'cmake_force_configure' from command line to 'False'
[1.103s] Level 5:colcon.colcon_core.verb:set package 'ti_es_distance_sensor_package' build argument 'ament_cmake_args' from command line to 'None'
[1.103s] Level 5:colcon.colcon_core.verb:set package 'ti_es_distance_sensor_package' build argument 'catkin_cmake_args' from command line to 'None'
[1.103s] Level 5:colcon.colcon_core.verb:set package 'ti_es_distance_sensor_package' build argument 'catkin_skip_building_tests' from command line to 'False'
[1.104s] DEBUG:colcon.colcon_core.verb:Building package 'ti_es_distance_sensor_package' with the following arguments: {'ament_cmake_args': None, 'build_base': '/home/clare/Documents/ros_workplace/build/ti_es_distance_sensor_package', 'catkin_cmake_args': None, 'catkin_skip_building_tests': False, 'cmake_args': None, 'cmake_clean_cache': False, 'cmake_clean_first': False, 'cmake_force_configure': False, 'cmake_target': None, 'cmake_target_skip_unavailable': False, 'install_base': '/home/clare/Documents/ros_workplace/install/ti_es_distance_sensor_package', 'merge_install': False, 'path': '/home/clare/Documents/ros_workplace/src/ti_es_distance_sensor_package', 'symlink_install': False, 'test_result_base': None}
[1.104s] INFO:colcon.colcon_core.executor:Executing jobs using 'parallel' executor
[1.107s] DEBUG:colcon.colcon_parallel_executor.executor.parallel:run_until_complete
[1.109s] INFO:colcon.colcon_ros.task.ament_python.build:Building ROS package in '/home/clare/Documents/ros_workplace/src/ti_es_distance_sensor_package' with build type 'ament_python'
[1.109s] Level 1:colcon.colcon_core.shell:create_environment_hook('ti_es_distance_sensor_package', 'ament_prefix_path')
[1.123s] INFO:colcon.colcon_core.plugin_system:Skipping extension 'colcon_core.shell.bat': Not used on non-Windows systems
[1.126s] INFO:colcon.colcon_core.shell:Creating environment hook '/home/clare/Documents/ros_workplace/install/ti_es_distance_sensor_package/share/ti_es_distance_sensor_package/hook/ament_prefix_path.ps1'
[1.133s] INFO:colcon.colcon_core.shell:Creating environment descriptor '/home/clare/Documents/ros_workplace/install/ti_es_distance_sensor_package/share/ti_es_distance_sensor_package/hook/ament_prefix_path.dsv'
[1.136s] INFO:colcon.colcon_core.shell:Creating environment hook '/home/clare/Documents/ros_workplace/install/ti_es_distance_sensor_package/share/ti_es_distance_sensor_package/hook/ament_prefix_path.sh'
[1.140s] INFO:colcon.colcon_core.shell:Skip shell extension 'powershell' for command environment: Not usable outside of PowerShell
[1.140s] DEBUG:colcon.colcon_core.shell:Skip shell extension 'dsv' for command environment
[2.359s] INFO:colcon.colcon_core.task.python.build:Building Python package in '/home/clare/Documents/ros_workplace/src/ti_es_distance_sensor_package'
[2.360s] INFO:colcon.colcon_core.shell:Skip shell extension 'powershell' for command environment: Not usable outside of PowerShell
[2.360s] DEBUG:colcon.colcon_core.shell:Skip shell extension 'dsv' for command environment
[5.722s] DEBUG:colcon.colcon_core.event_handler.log_command:Invoking command in '/home/clare/Documents/ros_workplace/src/ti_es_distance_sensor_package': DEBUGINFOD_URLS=https://debuginfod.ubuntu.com PYTHONPATH=/home/clare/Documents/ros_workplace/build/ti_es_distance_sensor_package/prefix_override:/usr/lib/python3/dist-packages/colcon_core/task/python/colcon_distutils_commands:/home/clare/Documents/ros_workplace/install/ti_es_distance_sensor_package/lib/python3.12/site-packages:${PYTHONPATH} /usr/bin/python3 -W ignore:setup.py install is deprecated -W ignore:easy_install command is deprecated setup.py egg_info --egg-base ../../build/ti_es_distance_sensor_package build --build-base /home/clare/Documents/ros_workplace/build/ti_es_distance_sensor_package/build install --record /home/clare/Documents/ros_workplace/build/ti_es_distance_sensor_package/install.log --single-version-externally-managed install_data
[9.180s] DEBUG:colcon.colcon_core.event_handler.log_command:Invoked command in '/home/clare/Documents/ros_workplace/src/ti_es_distance_sensor_package' returned '0': DEBUGINFOD_URLS=https://debuginfod.ubuntu.com PYTHONPATH=/home/clare/Documents/ros_workplace/build/ti_es_distance_sensor_package/prefix_override:/usr/lib/python3/dist-packages/colcon_core/task/python/colcon_distutils_commands:/home/clare/Documents/ros_workplace/install/ti_es_distance_sensor_package/lib/python3.12/site-packages:${PYTHONPATH} /usr/bin/python3 -W ignore:setup.py install is deprecated -W ignore:easy_install command is deprecated setup.py egg_info --egg-base ../../build/ti_es_distance_sensor_package build --build-base /home/clare/Documents/ros_workplace/build/ti_es_distance_sensor_package/build install --record /home/clare/Documents/ros_workplace/build/ti_es_distance_sensor_package/install.log --single-version-externally-managed install_data
[9.192s] Level 1:colcon.colcon_core.environment:checking '/home/clare/Documents/ros_workplace/install/ti_es_distance_sensor_package' for CMake module files
[9.196s] Level 1:colcon.colcon_core.environment:checking '/home/clare/Documents/ros_workplace/install/ti_es_distance_sensor_package' for CMake config files
[9.203s] Level 1:colcon.colcon_core.environment:checking '/home/clare/Documents/ros_workplace/install/ti_es_distance_sensor_package/lib'
[9.206s] Level 1:colcon.colcon_core.environment:checking '/home/clare/Documents/ros_workplace/install/ti_es_distance_sensor_package/bin'
[9.208s] Level 1:colcon.colcon_core.environment:checking '/home/clare/Documents/ros_workplace/install/ti_es_distance_sensor_package/lib/pkgconfig/ti_es_distance_sensor_package.pc'
[9.210s] Level 1:colcon.colcon_core.environment:checking '/home/clare/Documents/ros_workplace/install/ti_es_distance_sensor_package/lib/python3.12/site-packages'
[9.211s] Level 1:colcon.colcon_core.shell:create_environment_hook('ti_es_distance_sensor_package', 'pythonpath')
[9.213s] INFO:colcon.colcon_core.shell:Creating environment hook '/home/clare/Documents/ros_workplace/install/ti_es_distance_sensor_package/share/ti_es_distance_sensor_package/hook/pythonpath.ps1'
[9.216s] INFO:colcon.colcon_core.shell:Creating environment descriptor '/home/clare/Documents/ros_workplace/install/ti_es_distance_sensor_package/share/ti_es_distance_sensor_package/hook/pythonpath.dsv'
[9.218s] INFO:colcon.colcon_core.shell:Creating environment hook '/home/clare/Documents/ros_workplace/install/ti_es_distance_sensor_package/share/ti_es_distance_sensor_package/hook/pythonpath.sh'
[9.221s] Level 1:colcon.colcon_core.environment:checking '/home/clare/Documents/ros_workplace/install/ti_es_distance_sensor_package/bin'
[9.221s] Level 1:colcon.colcon_core.environment:create_environment_scripts_only(ti_es_distance_sensor_package)
[9.222s] INFO:colcon.colcon_core.shell:Creating package script '/home/clare/Documents/ros_workplace/install/ti_es_distance_sensor_package/share/ti_es_distance_sensor_package/package.ps1'
[9.226s] INFO:colcon.colcon_core.shell:Creating package descriptor '/home/clare/Documents/ros_workplace/install/ti_es_distance_sensor_package/share/ti_es_distance_sensor_package/package.dsv'
[9.228s] INFO:colcon.colcon_core.shell:Creating package script '/home/clare/Documents/ros_workplace/install/ti_es_distance_sensor_package/share/ti_es_distance_sensor_package/package.sh'
[9.231s] INFO:colcon.colcon_core.shell:Creating package script '/home/clare/Documents/ros_workplace/install/ti_es_distance_sensor_package/share/ti_es_distance_sensor_package/package.bash'
[9.235s] INFO:colcon.colcon_core.shell:Creating package script '/home/clare/Documents/ros_workplace/install/ti_es_distance_sensor_package/share/ti_es_distance_sensor_package/package.zsh'
[9.238s] Level 1:colcon.colcon_core.environment:create_file_with_runtime_dependencies(/home/clare/Documents/ros_workplace/install/ti_es_distance_sensor_package/share/colcon-core/packages/ti_es_distance_sensor_package)
[9.239s] DEBUG:colcon.colcon_parallel_executor.executor.parallel:closing loop
[9.241s] DEBUG:colcon.colcon_parallel_executor.executor.parallel:loop closed
[9.241s] DEBUG:colcon.colcon_parallel_executor.executor.parallel:run_until_complete finished with '0'
[9.241s] DEBUG:colcon.colcon_core.event_reactor:joining thread
[9.277s] INFO:colcon.colcon_core.plugin_system:Skipping extension 'colcon_notification.desktop_notification.terminal_notifier': Not used on non-Darwin systems
[9.277s] INFO:colcon.colcon_core.plugin_system:Skipping extension 'colcon_notification.desktop_notification.win32': Not used on non-Windows systems
[9.278s] INFO:colcon.colcon_notification.desktop_notification:Sending desktop notification using 'notify2'
[9.358s] DEBUG:colcon.colcon_core.event_reactor:joined thread
[9.359s] INFO:colcon.colcon_core.shell:Creating prefix script '/home/clare/Documents/ros_workplace/install/local_setup.ps1'
[9.363s] INFO:colcon.colcon_core.shell:Creating prefix util module '/home/clare/Documents/ros_workplace/install/_local_setup_util_ps1.py'
[9.369s] INFO:colcon.colcon_core.shell:Creating prefix chain script '/home/clare/Documents/ros_workplace/install/setup.ps1'
[9.375s] INFO:colcon.colcon_core.shell:Creating prefix script '/home/clare/Documents/ros_workplace/install/local_setup.sh'
[9.378s] INFO:colcon.colcon_core.shell:Creating prefix util module '/home/clare/Documents/ros_workplace/install/_local_setup_util_sh.py'
[9.382s] INFO:colcon.colcon_core.shell:Creating prefix chain script '/home/clare/Documents/ros_workplace/install/setup.sh'
[9.387s] INFO:colcon.colcon_core.shell:Creating prefix script '/home/clare/Documents/ros_workplace/install/local_setup.bash'
[9.390s] INFO:colcon.colcon_core.shell:Creating prefix chain script '/home/clare/Documents/ros_workplace/install/setup.bash'
[9.395s] INFO:colcon.colcon_core.shell:Creating prefix script '/home/clare/Documents/ros_workplace/install/local_setup.zsh'
[9.399s] INFO:colcon.colcon_core.shell:Creating prefix chain script '/home/clare/Documents/ros_workplace/install/setup.zsh'
