[1.807s] DEBUG:colcon:Command line arguments: ['/usr/bin/colcon', 'build']
[1.807s] DEBUG:colcon:Parsed command line arguments: Namespace(log_base=None, log_level=None, verb_name='build', build_base='build', install_base='install', merge_install=False, symlink_install=False, test_result_base=None, continue_on_error=False, executor='parallel', parallel_workers=4, event_handlers=None, ignore_user_meta=False, metas=['./colcon.meta'], base_paths=['.'], packages_ignore=None, packages_ignore_regex=None, paths=None, packages_up_to=None, packages_up_to_regex=None, packages_above=None, packages_above_and_dependencies=None, packages_above_depth=None, packages_select_by_dep=None, packages_skip_by_dep=None, packages_skip_up_to=None, packages_select_build_failed=False, packages_skip_build_finished=False, packages_select_test_failures=False, packages_skip_test_passed=False, packages_select=None, packages_skip=None, packages_select_regex=None, packages_skip_regex=None, packages_start=None, packages_end=None, allow_overriding=[], cmake_args=None, cmake_target=None, cmake_target_skip_unavailable=False, cmake_clean_cache=False, cmake_clean_first=False, cmake_force_configure=False, ament_cmake_args=None, catkin_cmake_args=None, catkin_skip_building_tests=False, mixin_files=None, mixin=None, verb_parser=<colcon_mixin.mixin.mixin_argument.MixinArgumentDecorator object at 0xffff878e8bc0>, verb_extension=<colcon_core.verb.build.BuildVerb object at 0xffff87a16f60>, main=<bound method BuildVerb.main of <colcon_core.verb.build.BuildVerb object at 0xffff87a16f60>>, mixin_verb=('build',))
[2.162s] Level 1:colcon.colcon_core.package_discovery:discover_packages(colcon_meta) check parameters
[2.162s] Level 1:colcon.colcon_core.package_discovery:discover_packages(recursive) check parameters
[2.162s] Level 1:colcon.colcon_core.package_discovery:discover_packages(ignore) check parameters
[2.163s] Level 1:colcon.colcon_core.package_discovery:discover_packages(path) check parameters
[2.163s] Level 1:colcon.colcon_core.package_discovery:discover_packages(colcon_meta) discover
[2.163s] Level 1:colcon.colcon_core.package_discovery:discover_packages(recursive) discover
[2.163s] INFO:colcon.colcon_core.package_discovery:Crawling recursively for packages in '/home/clare/Documents/ros_workplace'
[2.164s] Level 1:colcon.colcon_core.package_identification:_identify(.) by extensions ['ignore', 'ignore_ament_install']
[2.164s] Level 1:colcon.colcon_core.package_identification:_identify(.) by extension 'ignore'
[2.164s] Level 1:colcon.colcon_core.package_identification:_identify(.) by extension 'ignore_ament_install'
[2.165s] Level 1:colcon.colcon_core.package_identification:_identify(.) by extensions ['colcon_pkg']
[2.165s] Level 1:colcon.colcon_core.package_identification:_identify(.) by extension 'colcon_pkg'
[2.165s] Level 1:colcon.colcon_core.package_identification:_identify(.) by extensions ['colcon_meta']
[2.165s] Level 1:colcon.colcon_core.package_identification:_identify(.) by extension 'colcon_meta'
[2.165s] Level 1:colcon.colcon_core.package_identification:_identify(.) by extensions ['ros']
[2.165s] Level 1:colcon.colcon_core.package_identification:_identify(.) by extension 'ros'
[2.335s] Level 1:colcon.colcon_core.package_identification:_identify(.) by extensions ['cmake', 'python']
[2.335s] Level 1:colcon.colcon_core.package_identification:_identify(.) by extension 'cmake'
[2.335s] Level 1:colcon.colcon_core.package_identification:_identify(.) by extension 'python'
[2.335s] Level 1:colcon.colcon_core.package_identification:_identify(.) by extensions ['python_setup_py']
[2.336s] Level 1:colcon.colcon_core.package_identification:_identify(.) by extension 'python_setup_py'
[2.336s] Level 1:colcon.colcon_core.package_identification:_identify(build) by extensions ['ignore', 'ignore_ament_install']
[2.337s] Level 1:colcon.colcon_core.package_identification:_identify(build) by extension 'ignore'
[2.337s] Level 1:colcon.colcon_core.package_identification:_identify(build) ignored
[2.337s] Level 1:colcon.colcon_core.package_identification:_identify(install) by extensions ['ignore', 'ignore_ament_install']
[2.338s] Level 1:colcon.colcon_core.package_identification:_identify(install) by extension 'ignore'
[2.338s] Level 1:colcon.colcon_core.package_identification:_identify(install) ignored
[2.338s] Level 1:colcon.colcon_core.package_identification:_identify(log) by extensions ['ignore', 'ignore_ament_install']
[2.339s] Level 1:colcon.colcon_core.package_identification:_identify(log) by extension 'ignore'
[2.339s] Level 1:colcon.colcon_core.package_identification:_identify(log) ignored
[2.339s] Level 1:colcon.colcon_core.package_identification:_identify(src) by extensions ['ignore', 'ignore_ament_install']
[2.339s] Level 1:colcon.colcon_core.package_identification:_identify(src) by extension 'ignore'
[2.340s] Level 1:colcon.colcon_core.package_identification:_identify(src) by extension 'ignore_ament_install'
[2.340s] Level 1:colcon.colcon_core.package_identification:_identify(src) by extensions ['colcon_pkg']
[2.340s] Level 1:colcon.colcon_core.package_identification:_identify(src) by extension 'colcon_pkg'
[2.340s] Level 1:colcon.colcon_core.package_identification:_identify(src) by extensions ['colcon_meta']
[2.340s] Level 1:colcon.colcon_core.package_identification:_identify(src) by extension 'colcon_meta'
[2.340s] Level 1:colcon.colcon_core.package_identification:_identify(src) by extensions ['ros']
[2.341s] Level 1:colcon.colcon_core.package_identification:_identify(src) by extension 'ros'
[2.341s] Level 1:colcon.colcon_core.package_identification:_identify(src) by extensions ['cmake', 'python']
[2.341s] Level 1:colcon.colcon_core.package_identification:_identify(src) by extension 'cmake'
[2.341s] Level 1:colcon.colcon_core.package_identification:_identify(src) by extension 'python'
[2.341s] Level 1:colcon.colcon_core.package_identification:_identify(src) by extensions ['python_setup_py']
[2.342s] Level 1:colcon.colcon_core.package_identification:_identify(src) by extension 'python_setup_py'
[2.342s] Level 1:colcon.colcon_core.package_identification:_identify(src/ti_es_distance_sensor_package) by extensions ['ignore', 'ignore_ament_install']
[2.342s] Level 1:colcon.colcon_core.package_identification:_identify(src/ti_es_distance_sensor_package) by extension 'ignore'
[2.342s] Level 1:colcon.colcon_core.package_identification:_identify(src/ti_es_distance_sensor_package) by extension 'ignore_ament_install'
[2.343s] Level 1:colcon.colcon_core.package_identification:_identify(src/ti_es_distance_sensor_package) by extensions ['colcon_pkg']
[2.343s] Level 1:colcon.colcon_core.package_identification:_identify(src/ti_es_distance_sensor_package) by extension 'colcon_pkg'
[2.343s] Level 1:colcon.colcon_core.package_identification:_identify(src/ti_es_distance_sensor_package) by extensions ['colcon_meta']
[2.343s] Level 1:colcon.colcon_core.package_identification:_identify(src/ti_es_distance_sensor_package) by extension 'colcon_meta'
[2.343s] Level 1:colcon.colcon_core.package_identification:_identify(src/ti_es_distance_sensor_package) by extensions ['ros']
[2.343s] Level 1:colcon.colcon_core.package_identification:_identify(src/ti_es_distance_sensor_package) by extension 'ros'
[2.360s] DEBUG:colcon.colcon_core.package_identification:Package 'src/ti_es_distance_sensor_package' with type 'ros.ament_python' and name 'ti_es_distance_sensor_package'
[2.360s] Level 1:colcon.colcon_core.package_discovery:discover_packages(recursive) using defaults
[2.360s] Level 1:colcon.colcon_core.package_discovery:discover_packages(ignore) discover
[2.361s] Level 1:colcon.colcon_core.package_discovery:discover_packages(ignore) using defaults
[2.361s] Level 1:colcon.colcon_core.package_discovery:discover_packages(path) discover
[2.361s] Level 1:colcon.colcon_core.package_discovery:discover_packages(path) using defaults
[2.491s] Level 1:colcon.colcon_core.package_discovery:discover_packages(prefix_path) check parameters
[2.492s] Level 1:colcon.colcon_core.package_discovery:discover_packages(prefix_path) discover
[2.509s] DEBUG:colcon.colcon_installed_package_information.package_discovery:Found 1 installed packages in /home/clare/Documents/ros_workplace/install
[2.523s] DEBUG:colcon.colcon_installed_package_information.package_discovery:Found 285 installed packages in /opt/ros/jazzy
[2.526s] Level 1:colcon.colcon_core.package_discovery:discover_packages(prefix_path) using defaults
[2.741s] Level 5:colcon.colcon_core.verb:set package 'ti_es_distance_sensor_package' build argument 'cmake_args' from command line to 'None'
[2.742s] Level 5:colcon.colcon_core.verb:set package 'ti_es_distance_sensor_package' build argument 'cmake_target' from command line to 'None'
[2.742s] Level 5:colcon.colcon_core.verb:set package 'ti_es_distance_sensor_package' build argument 'cmake_target_skip_unavailable' from command line to 'False'
[2.742s] Level 5:colcon.colcon_core.verb:set package 'ti_es_distance_sensor_package' build argument 'cmake_clean_cache' from command line to 'False'
[2.742s] Level 5:colcon.colcon_core.verb:set package 'ti_es_distance_sensor_package' build argument 'cmake_clean_first' from command line to 'False'
[2.742s] Level 5:colcon.colcon_core.verb:set package 'ti_es_distance_sensor_package' build argument 'cmake_force_configure' from command line to 'False'
[2.742s] Level 5:colcon.colcon_core.verb:set package 'ti_es_distance_sensor_package' build argument 'ament_cmake_args' from command line to 'None'
[2.742s] Level 5:colcon.colcon_core.verb:set package 'ti_es_distance_sensor_package' build argument 'catkin_cmake_args' from command line to 'None'
[2.742s] Level 5:colcon.colcon_core.verb:set package 'ti_es_distance_sensor_package' build argument 'catkin_skip_building_tests' from command line to 'False'
[2.742s] DEBUG:colcon.colcon_core.verb:Building package 'ti_es_distance_sensor_package' with the following arguments: {'ament_cmake_args': None, 'build_base': '/home/clare/Documents/ros_workplace/build/ti_es_distance_sensor_package', 'catkin_cmake_args': None, 'catkin_skip_building_tests': False, 'cmake_args': None, 'cmake_clean_cache': False, 'cmake_clean_first': False, 'cmake_force_configure': False, 'cmake_target': None, 'cmake_target_skip_unavailable': False, 'install_base': '/home/clare/Documents/ros_workplace/install/ti_es_distance_sensor_package', 'merge_install': False, 'path': '/home/clare/Documents/ros_workplace/src/ti_es_distance_sensor_package', 'symlink_install': False, 'test_result_base': None}
[2.743s] INFO:colcon.colcon_core.executor:Executing jobs using 'parallel' executor
[2.746s] DEBUG:colcon.colcon_parallel_executor.executor.parallel:run_until_complete
[2.747s] INFO:colcon.colcon_ros.task.ament_python.build:Building ROS package in '/home/clare/Documents/ros_workplace/src/ti_es_distance_sensor_package' with build type 'ament_python'
[2.748s] Level 1:colcon.colcon_core.shell:create_environment_hook('ti_es_distance_sensor_package', 'ament_prefix_path')
[2.785s] INFO:colcon.colcon_core.plugin_system:Skipping extension 'colcon_core.shell.bat': Not used on non-Windows systems
[2.786s] INFO:colcon.colcon_core.shell:Creating environment hook '/home/clare/Documents/ros_workplace/install/ti_es_distance_sensor_package/share/ti_es_distance_sensor_package/hook/ament_prefix_path.ps1'
[2.790s] INFO:colcon.colcon_core.shell:Creating environment descriptor '/home/clare/Documents/ros_workplace/install/ti_es_distance_sensor_package/share/ti_es_distance_sensor_package/hook/ament_prefix_path.dsv'
[2.795s] INFO:colcon.colcon_core.shell:Creating environment hook '/home/clare/Documents/ros_workplace/install/ti_es_distance_sensor_package/share/ti_es_distance_sensor_package/hook/ament_prefix_path.sh'
[2.800s] INFO:colcon.colcon_core.shell:Skip shell extension 'powershell' for command environment: Not usable outside of PowerShell
[2.800s] DEBUG:colcon.colcon_core.shell:Skip shell extension 'dsv' for command environment
[3.926s] INFO:colcon.colcon_core.task.python.build:Building Python package in '/home/clare/Documents/ros_workplace/src/ti_es_distance_sensor_package'
[3.926s] INFO:colcon.colcon_core.shell:Skip shell extension 'powershell' for command environment: Not usable outside of PowerShell
[3.927s] DEBUG:colcon.colcon_core.shell:Skip shell extension 'dsv' for command environment
[8.190s] DEBUG:colcon.colcon_core.event_handler.log_command:Invoking command in '/home/clare/Documents/ros_workplace/src/ti_es_distance_sensor_package': DEBUGINFOD_URLS=https://debuginfod.ubuntu.com PYTHONPATH=/home/clare/Documents/ros_workplace/build/ti_es_distance_sensor_package/prefix_override:/usr/lib/python3/dist-packages/colcon_core/task/python/colcon_distutils_commands:/home/clare/Documents/ros_workplace/install/ti_es_distance_sensor_package/lib/python3.12/site-packages:${PYTHONPATH} /usr/bin/python3 -W ignore:setup.py install is deprecated -W ignore:easy_install command is deprecated setup.py egg_info --egg-base ../../build/ti_es_distance_sensor_package build --build-base /home/clare/Documents/ros_workplace/build/ti_es_distance_sensor_package/build install --record /home/clare/Documents/ros_workplace/build/ti_es_distance_sensor_package/install.log --single-version-externally-managed install_data
[10.927s] DEBUG:colcon.colcon_core.event_handler.log_command:Invoked command in '/home/clare/Documents/ros_workplace/src/ti_es_distance_sensor_package' returned '0': DEBUGINFOD_URLS=https://debuginfod.ubuntu.com PYTHONPATH=/home/clare/Documents/ros_workplace/build/ti_es_distance_sensor_package/prefix_override:/usr/lib/python3/dist-packages/colcon_core/task/python/colcon_distutils_commands:/home/clare/Documents/ros_workplace/install/ti_es_distance_sensor_package/lib/python3.12/site-packages:${PYTHONPATH} /usr/bin/python3 -W ignore:setup.py install is deprecated -W ignore:easy_install command is deprecated setup.py egg_info --egg-base ../../build/ti_es_distance_sensor_package build --build-base /home/clare/Documents/ros_workplace/build/ti_es_distance_sensor_package/build install --record /home/clare/Documents/ros_workplace/build/ti_es_distance_sensor_package/install.log --single-version-externally-managed install_data
[10.963s] Level 1:colcon.colcon_core.environment:checking '/home/clare/Documents/ros_workplace/install/ti_es_distance_sensor_package' for CMake module files
[10.967s] Level 1:colcon.colcon_core.environment:checking '/home/clare/Documents/ros_workplace/install/ti_es_distance_sensor_package' for CMake config files
[10.972s] Level 1:colcon.colcon_core.environment:checking '/home/clare/Documents/ros_workplace/install/ti_es_distance_sensor_package/lib'
[10.973s] Level 1:colcon.colcon_core.environment:checking '/home/clare/Documents/ros_workplace/install/ti_es_distance_sensor_package/bin'
[10.973s] Level 1:colcon.colcon_core.environment:checking '/home/clare/Documents/ros_workplace/install/ti_es_distance_sensor_package/lib/pkgconfig/ti_es_distance_sensor_package.pc'
[10.974s] Level 1:colcon.colcon_core.environment:checking '/home/clare/Documents/ros_workplace/install/ti_es_distance_sensor_package/lib/python3.12/site-packages'
[10.974s] Level 1:colcon.colcon_core.shell:create_environment_hook('ti_es_distance_sensor_package', 'pythonpath')
[10.975s] INFO:colcon.colcon_core.shell:Creating environment hook '/home/clare/Documents/ros_workplace/install/ti_es_distance_sensor_package/share/ti_es_distance_sensor_package/hook/pythonpath.ps1'
[10.977s] INFO:colcon.colcon_core.shell:Creating environment descriptor '/home/clare/Documents/ros_workplace/install/ti_es_distance_sensor_package/share/ti_es_distance_sensor_package/hook/pythonpath.dsv'
[10.982s] INFO:colcon.colcon_core.shell:Creating environment hook '/home/clare/Documents/ros_workplace/install/ti_es_distance_sensor_package/share/ti_es_distance_sensor_package/hook/pythonpath.sh'
[10.984s] Level 1:colcon.colcon_core.environment:checking '/home/clare/Documents/ros_workplace/install/ti_es_distance_sensor_package/bin'
[10.985s] Level 1:colcon.colcon_core.environment:create_environment_scripts_only(ti_es_distance_sensor_package)
[10.986s] INFO:colcon.colcon_core.shell:Creating package script '/home/clare/Documents/ros_workplace/install/ti_es_distance_sensor_package/share/ti_es_distance_sensor_package/package.ps1'
[10.990s] INFO:colcon.colcon_core.shell:Creating package descriptor '/home/clare/Documents/ros_workplace/install/ti_es_distance_sensor_package/share/ti_es_distance_sensor_package/package.dsv'
[10.994s] INFO:colcon.colcon_core.shell:Creating package script '/home/clare/Documents/ros_workplace/install/ti_es_distance_sensor_package/share/ti_es_distance_sensor_package/package.sh'
[10.999s] INFO:colcon.colcon_core.shell:Creating package script '/home/clare/Documents/ros_workplace/install/ti_es_distance_sensor_package/share/ti_es_distance_sensor_package/package.bash'
[11.010s] INFO:colcon.colcon_core.shell:Creating package script '/home/clare/Documents/ros_workplace/install/ti_es_distance_sensor_package/share/ti_es_distance_sensor_package/package.zsh'
[11.015s] Level 1:colcon.colcon_core.environment:create_file_with_runtime_dependencies(/home/clare/Documents/ros_workplace/install/ti_es_distance_sensor_package/share/colcon-core/packages/ti_es_distance_sensor_package)
[11.017s] DEBUG:colcon.colcon_parallel_executor.executor.parallel:closing loop
[11.018s] DEBUG:colcon.colcon_parallel_executor.executor.parallel:loop closed
[11.019s] DEBUG:colcon.colcon_parallel_executor.executor.parallel:run_until_complete finished with '0'
[11.019s] DEBUG:colcon.colcon_core.event_reactor:joining thread
[11.062s] INFO:colcon.colcon_core.plugin_system:Skipping extension 'colcon_notification.desktop_notification.terminal_notifier': Not used on non-Darwin systems
[11.062s] INFO:colcon.colcon_core.plugin_system:Skipping extension 'colcon_notification.desktop_notification.win32': Not used on non-Windows systems
[11.062s] INFO:colcon.colcon_notification.desktop_notification:Sending desktop notification using 'notify2'
[11.191s] DEBUG:colcon.colcon_core.event_reactor:joined thread
[11.192s] INFO:colcon.colcon_core.shell:Creating prefix script '/home/clare/Documents/ros_workplace/install/local_setup.ps1'
[11.200s] INFO:colcon.colcon_core.shell:Creating prefix util module '/home/clare/Documents/ros_workplace/install/_local_setup_util_ps1.py'
[11.212s] INFO:colcon.colcon_core.shell:Creating prefix chain script '/home/clare/Documents/ros_workplace/install/setup.ps1'
[11.219s] INFO:colcon.colcon_core.shell:Creating prefix script '/home/clare/Documents/ros_workplace/install/local_setup.sh'
[11.224s] INFO:colcon.colcon_core.shell:Creating prefix util module '/home/clare/Documents/ros_workplace/install/_local_setup_util_sh.py'
[11.228s] INFO:colcon.colcon_core.shell:Creating prefix chain script '/home/clare/Documents/ros_workplace/install/setup.sh'
[11.234s] INFO:colcon.colcon_core.shell:Creating prefix script '/home/clare/Documents/ros_workplace/install/local_setup.bash'
[11.239s] INFO:colcon.colcon_core.shell:Creating prefix chain script '/home/clare/Documents/ros_workplace/install/setup.bash'
[11.246s] INFO:colcon.colcon_core.shell:Creating prefix script '/home/clare/Documents/ros_workplace/install/local_setup.zsh'
[11.251s] INFO:colcon.colcon_core.shell:Creating prefix chain script '/home/clare/Documents/ros_workplace/install/setup.zsh'
